Looking for git in: git
Using git 1.9.1 from git
> git rev-parse --show-toplevel
> git config --get commit.template
Open repository: /var/www/html
> git status -z -u
> git symbolic-ref --short HEAD
> git rev-parse master
> git rev-parse --symbolic-full-name master@{u}
> git rev-list --left-right master...refs/remotes/origin/master
> git for-each-ref --format %(refname) %(objectname) --sort -committerdate
> git remote --verbose
> git check-ignore -z --stdin
> git check-ignore -z --stdin
> git check-ignore -z --stdin
> git check-ignore -z --stdin
> git show :test_codeigniter/codeigniter/ng6/src/app/app.component.spec.ts
> git show :test_codeigniter/codeigniter/ng6/src/app/app.component.html
> git check-ignore -z --stdin
> git show :test_codeigniter/codeigniter/ng6/src/app/registration/registration.component.html
> git show :test_codeigniter/codeigniter/ng6/src/app/registration/registration.component.spec.ts
