[2018-08-16 09:36:12.021] [sharedprocess] [info] main {"machineId":"88331559c6f73721404d52c5f3828bf6f19dabf0893032f51e1fa1745072a16e"}
[2018-08-16 09:36:12.282] [sharedprocess] [info] Scanned user extensions: 3
[2018-08-16 09:36:12.714] [sharedprocess] [info] Scanned system extensions: 70
[2018-08-16 09:36:13.058] [sharedprocess] [info] Scanned user extensions: 3
[2018-08-16 09:36:13.059] [sharedprocess] [info] Scanned user extensions: 3
[2018-08-16 09:36:13.089] [sharedprocess] [info] Scanned system extensions: 70
[2018-08-16 09:36:15.590] [sharedprocess] [info] Installing extension: Go
[2018-08-16 09:36:15.593] [sharedprocess] [info] Scanned user extensions: 3
[2018-08-16 09:36:16.448] [sharedprocess] [info] Scanned user extensions: 3
[2018-08-16 09:36:20.066] [sharedprocess] [info] Downloaded extension: Go
[2018-08-16 09:36:22.415] [sharedprocess] [info] Extracted extension to /home/bridgelabz/.vscode/extensions/.ms-vscode.go-0.6.87: ms-vscode.go-0.6.87
[2018-08-16 09:36:22.415] [sharedprocess] [info] Renamed to /home/bridgelabz/.vscode/extensions/ms-vscode.go-0.6.87
[2018-08-16 09:36:22.415] [sharedprocess] [info] Installation completed. ms-vscode.go-0.6.87
[2018-08-16 09:36:22.483] [sharedprocess] [info] Extensions installed successfully: ms-vscode.go
[2018-08-16 09:36:22.608] [sharedprocess] [info] Scanned user extensions: 3
[2018-08-16 09:36:22.636] [sharedprocess] [info] Scanned system extensions: 70
[2018-08-16 09:36:52.030] [sharedprocess] [info] Starting to clean up unused language packs.
[2018-08-16 09:41:16.495] [sharedprocess] [info] Scanned user extensions: 3
[2018-08-16 09:46:16.507] [sharedprocess] [info] Scanned user extensions: 3
[2018-08-16 09:51:16.521] [sharedprocess] [info] Scanned user extensions: 3
[2018-08-16 09:56:16.537] [sharedprocess] [info] Scanned user extensions: 3
[2018-08-16 10:01:16.550] [sharedprocess] [info] Scanned user extensions: 3
[2018-08-16 10:06:16.567] [sharedprocess] [info] Scanned user extensions: 3
[2018-08-16 10:11:16.580] [sharedprocess] [info] Scanned user extensions: 3
[2018-08-16 10:16:16.593] [sharedprocess] [info] Scanned user extensions: 3
[2018-08-16 10:21:16.612] [sharedprocess] [info] Scanned user extensions: 3
[2018-08-16 10:26:16.625] [sharedprocess] [info] Scanned user extensions: 3
[2018-08-16 10:31:16.642] [sharedprocess] [info] Scanned user extensions: 3
[2018-08-16 10:36:16.947] [sharedprocess] [info] Scanned user extensions: 3
[2018-08-16 10:41:16.957] [sharedprocess] [info] Scanned user extensions: 3
[2018-08-16 10:46:16.968] [sharedprocess] [info] Scanned user extensions: 3
[2018-08-16 10:51:16.981] [sharedprocess] [info] Scanned user extensions: 3
[2018-08-16 10:56:16.999] [sharedprocess] [info] Scanned user extensions: 3
[2018-08-16 11:01:17.012] [sharedprocess] [info] Scanned user extensions: 3
[2018-08-16 11:06:17.024] [sharedprocess] [info] Scanned user extensions: 3
[2018-08-16 11:11:17.036] [sharedprocess] [info] Scanned user extensions: 3
[2018-08-16 11:16:17.051] [sharedprocess] [info] Scanned user extensions: 3
[2018-08-16 11:21:17.060] [sharedprocess] [info] Scanned user extensions: 3
[2018-08-16 11:26:17.070] [sharedprocess] [info] Scanned user extensions: 3
[2018-08-16 11:31:17.082] [sharedprocess] [info] Scanned user extensions: 3
[2018-08-16 11:36:17.116] [sharedprocess] [info] Scanned user extensions: 3
[2018-08-16 11:41:17.134] [sharedprocess] [info] Scanned user extensions: 3
[2018-08-16 11:46:17.147] [sharedprocess] [info] Scanned user extensions: 3
[2018-08-16 11:51:17.159] [sharedprocess] [info] Scanned user extensions: 3
[2018-08-16 11:56:17.171] [sharedprocess] [info] Scanned user extensions: 3
[2018-08-16 12:01:17.188] [sharedprocess] [info] Scanned user extensions: 3
[2018-08-16 12:06:17.199] [sharedprocess] [info] Scanned user extensions: 3
[2018-08-16 12:11:17.212] [sharedprocess] [info] Scanned user extensions: 3
[2018-08-16 12:16:17.224] [sharedprocess] [info] Scanned user extensions: 3
[2018-08-16 12:21:17.238] [sharedprocess] [info] Scanned user extensions: 3
[2018-08-16 12:26:17.250] [sharedprocess] [info] Scanned user extensions: 3
[2018-08-16 12:31:17.263] [sharedprocess] [info] Scanned user extensions: 3
[2018-08-16 12:36:17.297] [sharedprocess] [info] Scanned user extensions: 3
[2018-08-16 12:41:17.309] [sharedprocess] [info] Scanned user extensions: 3
[2018-08-16 12:46:17.323] [sharedprocess] [info] Scanned user extensions: 3
[2018-08-16 12:51:17.335] [sharedprocess] [info] Scanned user extensions: 3
[2018-08-16 12:56:17.346] [sharedprocess] [info] Scanned user extensions: 3
[2018-08-16 13:01:17.357] [sharedprocess] [info] Scanned user extensions: 3
[2018-08-16 13:06:17.372] [sharedprocess] [info] Scanned user extensions: 3
[2018-08-16 13:11:17.383] [sharedprocess] [info] Scanned user extensions: 3
[2018-08-16 13:16:17.395] [sharedprocess] [info] Scanned user extensions: 3
[2018-08-16 13:21:17.406] [sharedprocess] [info] Scanned user extensions: 3
[2018-08-16 13:26:17.418] [sharedprocess] [info] Scanned user extensions: 3
[2018-08-16 13:31:17.432] [sharedprocess] [info] Scanned user extensions: 3
[2018-08-16 13:36:17.466] [sharedprocess] [info] Scanned user extensions: 3
[2018-08-16 13:41:17.477] [sharedprocess] [info] Scanned user extensions: 3
[2018-08-16 13:46:17.489] [sharedprocess] [info] Scanned user extensions: 3
[2018-08-16 13:51:17.503] [sharedprocess] [info] Scanned user extensions: 3
[2018-08-16 13:56:17.517] [sharedprocess] [info] Scanned user extensions: 3
[2018-08-16 14:01:17.529] [sharedprocess] [info] Scanned user extensions: 3
[2018-08-16 14:06:17.541] [sharedprocess] [info] Scanned user extensions: 3
[2018-08-16 14:11:17.551] [sharedprocess] [info] Scanned user extensions: 3
[2018-08-16 14:16:17.562] [sharedprocess] [info] Scanned user extensions: 3
[2018-08-16 14:21:17.577] [sharedprocess] [info] Scanned user extensions: 3
[2018-08-16 14:26:17.588] [sharedprocess] [info] Scanned user extensions: 3
[2018-08-16 14:31:17.599] [sharedprocess] [info] Scanned user extensions: 3
[2018-08-16 14:36:17.638] [sharedprocess] [info] Scanned user extensions: 3
[2018-08-16 14:41:17.650] [sharedprocess] [info] Scanned user extensions: 3
[2018-08-16 14:46:17.660] [sharedprocess] [info] Scanned user extensions: 3
[2018-08-16 14:51:17.670] [sharedprocess] [info] Scanned user extensions: 3
[2018-08-16 14:56:17.684] [sharedprocess] [info] Scanned user extensions: 3
[2018-08-16 15:01:17.695] [sharedprocess] [info] Scanned user extensions: 3
