[2018-08-29 09:40:21.333] [sharedprocess] [info] main {"machineId":"88331559c6f73721404d52c5f3828bf6f19dabf0893032f51e1fa1745072a16e"}
[2018-08-29 09:40:21.499] [sharedprocess] [info] Scanned user extensions: 3
[2018-08-29 09:40:21.877] [sharedprocess] [info] Scanned user extensions: 3
[2018-08-29 09:40:21.882] [sharedprocess] [info] Scanned user extensions: 3
[2018-08-29 09:40:22.183] [sharedprocess] [info] Scanned system extensions: 70
[2018-08-29 09:40:22.183] [sharedprocess] [info] Scanned system extensions: 70
[2018-08-29 09:40:25.268] [sharedprocess] [info] Installing extension: php-debug
[2018-08-29 09:40:25.274] [sharedprocess] [info] Scanned user extensions: 3
[2018-08-29 09:40:25.287] [sharedprocess] [info] Scanned user extensions: 3
[2018-08-29 09:40:26.743] [sharedprocess] [info] Downloaded extension: php-debug
[2018-08-29 09:40:27.133] [sharedprocess] [info] Extracted extension to /home/bridgelabz/.vscode/extensions/.felixfbecker.php-debug-1.12.5: felixfbecker.php-debug-1.12.5
[2018-08-29 09:40:27.133] [sharedprocess] [info] Renamed to /home/bridgelabz/.vscode/extensions/felixfbecker.php-debug-1.12.5
[2018-08-29 09:40:27.133] [sharedprocess] [info] Installation completed. felixfbecker.php-debug-1.12.5
[2018-08-29 09:40:27.191] [sharedprocess] [info] Extensions installed successfully: felixfbecker.php-debug
[2018-08-29 09:40:27.299] [sharedprocess] [info] Scanned user extensions: 3
[2018-08-29 09:40:27.316] [sharedprocess] [info] Scanned system extensions: 70
[2018-08-29 09:41:01.338] [sharedprocess] [info] Starting to clean up unused language packs.
[2018-08-29 09:45:25.309] [sharedprocess] [info] Scanned user extensions: 3
[2018-08-29 09:50:25.322] [sharedprocess] [info] Scanned user extensions: 3
[2018-08-29 09:55:25.335] [sharedprocess] [info] Scanned user extensions: 3
[2018-08-29 10:00:25.349] [sharedprocess] [info] Scanned user extensions: 3
[2018-08-29 10:05:25.365] [sharedprocess] [info] Scanned user extensions: 3
[2018-08-29 10:10:25.380] [sharedprocess] [info] Scanned user extensions: 3
[2018-08-29 10:15:25.393] [sharedprocess] [info] Scanned user extensions: 3
[2018-08-29 10:20:25.410] [sharedprocess] [info] Scanned user extensions: 3
[2018-08-29 10:25:25.429] [sharedprocess] [info] Scanned user extensions: 3
[2018-08-29 10:30:25.439] [sharedprocess] [info] Scanned user extensions: 3
[2018-08-29 10:35:25.455] [sharedprocess] [info] Scanned user extensions: 3
[2018-08-29 10:40:25.495] [sharedprocess] [info] Scanned user extensions: 3
[2018-08-29 10:45:25.507] [sharedprocess] [info] Scanned user extensions: 3
[2018-08-29 10:50:25.524] [sharedprocess] [info] Scanned user extensions: 3
[2018-08-29 10:55:25.538] [sharedprocess] [info] Scanned user extensions: 3
[2018-08-29 11:00:25.550] [sharedprocess] [info] Scanned user extensions: 3
[2018-08-29 11:05:25.562] [sharedprocess] [info] Scanned user extensions: 3
[2018-08-29 11:10:25.585] [sharedprocess] [info] Scanned user extensions: 3
[2018-08-29 11:15:25.598] [sharedprocess] [info] Scanned user extensions: 3
[2018-08-29 11:20:25.615] [sharedprocess] [info] Scanned user extensions: 3
[2018-08-29 11:25:25.629] [sharedprocess] [info] Scanned user extensions: 3
[2018-08-29 11:30:25.644] [sharedprocess] [info] Scanned user extensions: 3
[2018-08-29 11:35:25.656] [sharedprocess] [info] Scanned user extensions: 3
[2018-08-29 11:40:25.691] [sharedprocess] [info] Scanned user extensions: 3
[2018-08-29 11:45:25.702] [sharedprocess] [info] Scanned user extensions: 3
[2018-08-29 11:50:25.715] [sharedprocess] [info] Scanned user extensions: 3
[2018-08-29 11:55:25.726] [sharedprocess] [info] Scanned user extensions: 3
[2018-08-29 12:00:25.735] [sharedprocess] [info] Scanned user extensions: 3
[2018-08-29 12:05:25.744] [sharedprocess] [info] Scanned user extensions: 3
[2018-08-29 12:10:25.756] [sharedprocess] [info] Scanned user extensions: 3
[2018-08-29 12:15:25.770] [sharedprocess] [info] Scanned user extensions: 3
[2018-08-29 12:20:25.780] [sharedprocess] [info] Scanned user extensions: 3
[2018-08-29 12:25:25.794] [sharedprocess] [info] Scanned user extensions: 3
[2018-08-29 12:30:25.807] [sharedprocess] [info] Scanned user extensions: 3
[2018-08-29 12:35:25.821] [sharedprocess] [info] Scanned user extensions: 3
[2018-08-29 12:40:25.856] [sharedprocess] [info] Scanned user extensions: 3
[2018-08-29 12:45:25.870] [sharedprocess] [info] Scanned user extensions: 3
[2018-08-29 12:50:25.884] [sharedprocess] [info] Scanned user extensions: 3
[2018-08-29 12:53:57.945] [sharedprocess] [info] main {"machineId":"b9f0521cfcfa1657cba03874d078d5452925560ecb7690d5728eb24a38221edb"}
[2018-08-29 12:53:57.992] [sharedprocess] [info] Scanned user extensions: 3
[2018-08-29 12:53:58.026] [sharedprocess] [info] Scanned user extensions: 3
[2018-08-29 12:53:58.027] [sharedprocess] [info] Scanned user extensions: 3
[2018-08-29 12:53:58.031] [sharedprocess] [info] Scanned user extensions: 3
[2018-08-29 12:53:58.225] [sharedprocess] [info] Deleted from disk felixfbecker.php-debug-1.12.4
[2018-08-29 12:53:58.227] [sharedprocess] [info] Scanned system extensions: 70
[2018-08-29 12:53:58.234] [sharedprocess] [info] Scanned system extensions: 70
[2018-08-29 12:53:58.236] [sharedprocess] [info] Scanned system extensions: 70
[2018-08-29 12:53:58.440] [sharedprocess] [info] Scanned user extensions: 3
[2018-08-29 12:54:37.951] [sharedprocess] [info] Starting to clean up unused language packs.
[2018-08-29 12:55:25.897] [sharedprocess] [info] Scanned user extensions: 3
[2018-08-29 12:58:58.479] [sharedprocess] [info] Scanned user extensions: 3
[2018-08-29 13:00:25.909] [sharedprocess] [info] Scanned user extensions: 3
[2018-08-29 13:03:58.493] [sharedprocess] [info] Scanned user extensions: 3
[2018-08-29 13:05:25.917] [sharedprocess] [info] Scanned user extensions: 3
[2018-08-29 13:08:58.508] [sharedprocess] [info] Scanned user extensions: 3
[2018-08-29 13:10:25.927] [sharedprocess] [info] Scanned user extensions: 3
[2018-08-29 13:13:58.526] [sharedprocess] [info] Scanned user extensions: 3
[2018-08-29 13:15:25.939] [sharedprocess] [info] Scanned user extensions: 3
[2018-08-29 13:18:58.542] [sharedprocess] [info] Scanned user extensions: 3
[2018-08-29 13:20:25.950] [sharedprocess] [info] Scanned user extensions: 3
[2018-08-29 13:23:58.560] [sharedprocess] [info] Scanned user extensions: 3
[2018-08-29 13:25:25.964] [sharedprocess] [info] Scanned user extensions: 3
[2018-08-29 13:28:58.576] [sharedprocess] [info] Scanned user extensions: 3
[2018-08-29 13:30:25.976] [sharedprocess] [info] Scanned user extensions: 3
[2018-08-29 13:33:58.592] [sharedprocess] [info] Scanned user extensions: 3
[2018-08-29 13:35:25.987] [sharedprocess] [info] Scanned user extensions: 3
[2018-08-29 13:38:58.608] [sharedprocess] [info] Scanned user extensions: 3
[2018-08-29 13:40:26.025] [sharedprocess] [info] Scanned user extensions: 3
[2018-08-29 13:43:58.620] [sharedprocess] [info] Scanned user extensions: 3
[2018-08-29 13:45:26.036] [sharedprocess] [info] Scanned user extensions: 3
[2018-08-29 13:48:58.637] [sharedprocess] [info] Scanned user extensions: 3
[2018-08-29 13:50:26.049] [sharedprocess] [info] Scanned user extensions: 3
[2018-08-29 13:53:58.682] [sharedprocess] [info] Scanned user extensions: 3
[2018-08-29 13:55:26.062] [sharedprocess] [info] Scanned user extensions: 3
[2018-08-29 13:58:58.701] [sharedprocess] [info] Scanned user extensions: 3
[2018-08-29 14:00:26.075] [sharedprocess] [info] Scanned user extensions: 3
[2018-08-29 14:03:58.711] [sharedprocess] [info] Scanned user extensions: 3
[2018-08-29 14:05:26.086] [sharedprocess] [info] Scanned user extensions: 3
[2018-08-29 14:08:58.725] [sharedprocess] [info] Scanned user extensions: 3
[2018-08-29 14:10:26.100] [sharedprocess] [info] Scanned user extensions: 3
[2018-08-29 14:13:58.739] [sharedprocess] [info] Scanned user extensions: 3
[2018-08-29 14:15:26.111] [sharedprocess] [info] Scanned user extensions: 3
[2018-08-29 14:18:58.760] [sharedprocess] [info] Scanned user extensions: 3
[2018-08-29 14:20:26.123] [sharedprocess] [info] Scanned user extensions: 3
[2018-08-29 14:23:58.772] [sharedprocess] [info] Scanned user extensions: 3
[2018-08-29 14:25:26.134] [sharedprocess] [info] Scanned user extensions: 3
[2018-08-29 14:28:58.783] [sharedprocess] [info] Scanned user extensions: 3
[2018-08-29 14:30:26.146] [sharedprocess] [info] Scanned user extensions: 3
[2018-08-29 14:31:28.523] [sharedprocess] [info] Scanned user extensions: 3
[2018-08-29 14:31:28.524] [sharedprocess] [info] Scanned user extensions: 3
[2018-08-29 14:31:28.530] [sharedprocess] [info] Scanned user extensions: 3
[2018-08-29 14:31:28.606] [sharedprocess] [info] Scanned system extensions: 70
[2018-08-29 14:31:28.609] [sharedprocess] [info] Scanned system extensions: 70
[2018-08-29 14:31:31.287] [sharedprocess] [info] Scanned user extensions: 3
[2018-08-29 14:35:26.162] [sharedprocess] [info] Scanned user extensions: 3
[2018-08-29 14:36:31.328] [sharedprocess] [info] Scanned user extensions: 3
[2018-08-29 14:40:26.201] [sharedprocess] [info] Scanned user extensions: 3
[2018-08-29 14:41:31.341] [sharedprocess] [info] Scanned user extensions: 3
[2018-08-29 14:45:26.216] [sharedprocess] [info] Scanned user extensions: 3
[2018-08-29 14:46:31.354] [sharedprocess] [info] Scanned user extensions: 3
[2018-08-29 14:50:26.226] [sharedprocess] [info] Scanned user extensions: 3
[2018-08-29 14:51:31.367] [sharedprocess] [info] Scanned user extensions: 3
[2018-08-29 14:55:26.237] [sharedprocess] [info] Scanned user extensions: 3
[2018-08-29 14:56:31.397] [sharedprocess] [info] Scanned user extensions: 3
[2018-08-29 15:00:26.249] [sharedprocess] [info] Scanned user extensions: 3
[2018-08-29 15:01:31.431] [sharedprocess] [info] Scanned user extensions: 3
[2018-08-29 15:05:26.262] [sharedprocess] [info] Scanned user extensions: 3
[2018-08-29 15:06:31.442] [sharedprocess] [info] Scanned user extensions: 3
[2018-08-29 15:10:26.274] [sharedprocess] [info] Scanned user extensions: 3
[2018-08-29 15:11:31.454] [sharedprocess] [info] Scanned user extensions: 3
[2018-08-29 15:15:26.287] [sharedprocess] [info] Scanned user extensions: 3
[2018-08-29 15:16:31.466] [sharedprocess] [info] Scanned user extensions: 3
[2018-08-29 15:20:26.300] [sharedprocess] [info] Scanned user extensions: 3
[2018-08-29 15:21:31.480] [sharedprocess] [info] Scanned user extensions: 3
[2018-08-29 15:25:26.310] [sharedprocess] [info] Scanned user extensions: 3
[2018-08-29 15:26:31.496] [sharedprocess] [info] Scanned user extensions: 3
[2018-08-29 15:30:26.319] [sharedprocess] [info] Scanned user extensions: 3
[2018-08-29 15:35:26.329] [sharedprocess] [info] Scanned user extensions: 3
[2018-08-29 15:40:26.366] [sharedprocess] [info] Scanned user extensions: 3
[2018-08-29 15:45:26.377] [sharedprocess] [info] Scanned user extensions: 3
[2018-08-29 15:50:26.389] [sharedprocess] [info] Scanned user extensions: 3
[2018-08-29 15:55:26.400] [sharedprocess] [info] Scanned user extensions: 3
[2018-08-29 16:00:26.413] [sharedprocess] [info] Scanned user extensions: 3
[2018-08-29 16:05:26.424] [sharedprocess] [info] Scanned user extensions: 3
[2018-08-29 16:10:26.435] [sharedprocess] [info] Scanned user extensions: 3
[2018-08-29 16:15:26.451] [sharedprocess] [info] Scanned user extensions: 3
[2018-08-29 16:20:26.462] [sharedprocess] [info] Scanned user extensions: 3
[2018-08-29 16:25:26.473] [sharedprocess] [info] Scanned user extensions: 3
[2018-08-29 16:30:26.483] [sharedprocess] [info] Scanned user extensions: 3
[2018-08-29 16:35:26.498] [sharedprocess] [info] Scanned user extensions: 3
[2018-08-29 16:40:26.581] [sharedprocess] [info] Scanned user extensions: 3
[2018-08-29 16:45:26.594] [sharedprocess] [info] Scanned user extensions: 3
[2018-08-29 16:50:26.606] [sharedprocess] [info] Scanned user extensions: 3
[2018-08-29 16:55:26.620] [sharedprocess] [info] Scanned user extensions: 3
[2018-08-29 17:00:26.634] [sharedprocess] [info] Scanned user extensions: 3
[2018-08-29 17:05:26.648] [sharedprocess] [info] Scanned user extensions: 3
[2018-08-29 17:10:26.660] [sharedprocess] [info] Scanned user extensions: 3
[2018-08-29 17:15:26.669] [sharedprocess] [info] Scanned user extensions: 3
[2018-08-29 17:20:26.685] [sharedprocess] [info] Scanned user extensions: 3
[2018-08-29 17:25:26.700] [sharedprocess] [info] Scanned user extensions: 3
[2018-08-29 17:30:26.708] [sharedprocess] [info] Scanned user extensions: 3
[2018-08-29 17:35:26.716] [sharedprocess] [info] Scanned user extensions: 3
[2018-08-29 17:40:26.754] [sharedprocess] [info] Scanned user extensions: 3
[2018-08-29 17:45:26.764] [sharedprocess] [info] Scanned user extensions: 3
[2018-08-29 17:50:26.772] [sharedprocess] [info] Scanned user extensions: 3
[2018-08-29 17:55:26.784] [sharedprocess] [info] Scanned user extensions: 3
[2018-08-29 18:00:26.795] [sharedprocess] [info] Scanned user extensions: 3
[2018-08-29 18:05:26.807] [sharedprocess] [info] Scanned user extensions: 3
[2018-08-29 18:10:26.816] [sharedprocess] [info] Scanned user extensions: 3
[2018-08-29 18:15:26.826] [sharedprocess] [info] Scanned user extensions: 3
[2018-08-29 18:20:26.837] [sharedprocess] [info] Scanned user extensions: 3
[2018-08-29 18:25:26.848] [sharedprocess] [info] Scanned user extensions: 3
[2018-08-29 18:30:26.855] [sharedprocess] [info] Scanned user extensions: 3
[2018-08-29 18:35:26.866] [sharedprocess] [info] Scanned user extensions: 3
[2018-08-29 18:40:26.906] [sharedprocess] [info] Scanned user extensions: 3
[2018-08-29 18:45:26.914] [sharedprocess] [info] Scanned user extensions: 3
[2018-08-29 18:50:26.927] [sharedprocess] [info] Scanned user extensions: 3
[2018-08-29 18:55:26.942] [sharedprocess] [info] Scanned user extensions: 3
[2018-08-29 19:00:26.954] [sharedprocess] [info] Scanned user extensions: 3
[2018-08-29 19:05:26.967] [sharedprocess] [info] Scanned user extensions: 3
[2018-08-29 19:10:26.982] [sharedprocess] [info] Scanned user extensions: 3
