[2018-08-06 09:02:43.214] [renderer1] [info] no standard startup: panel is active
[2018-08-06 09:02:44.070] [renderer1] [info] No grammar found for scope source.smarty
[2018-08-06 09:02:44.383] [renderer1] [info] No grammar found for scope text.html.javadoc
[2018-08-06 09:46:37.687] [renderer1] [error] Cannot read property 'lineNumber' of null: TypeError: Cannot read property 'lineNumber' of null
	at Object.e.to (/usr/share/code/resources/app/out/vs/workbench/node/extensionHostProcess.js:663:450)
	at e.provideHover (/usr/share/code/resources/app/out/vs/workbench/node/extensionHostProcess.js:720:284)
	at /usr/share/code/resources/app/out/vs/workbench/node/extensionHostProcess.js:734:302
	at e._withAdapter (/usr/share/code/resources/app/out/vs/workbench/node/extensionHostProcess.js:731:534)
	at e.$provideHover (/usr/share/code/resources/app/out/vs/workbench/node/extensionHostProcess.js:734:264)
	at e._doInvokeHandler (/usr/share/code/resources/app/out/vs/workbench/node/extensionHostProcess.js:658:87)
	at e._invokeHandler (/usr/share/code/resources/app/out/vs/workbench/node/extensionHostProcess.js:657:779)
	at e._receiveRequest (/usr/share/code/resources/app/out/vs/workbench/node/extensionHostProcess.js:656:851)
	at e._receiveOneMessage (/usr/share/code/resources/app/out/vs/workbench/node/extensionHostProcess.js:656:620)
	at /usr/share/code/resources/app/out/vs/workbench/node/extensionHostProcess.js:655:544
	at /usr/share/code/resources/app/out/vs/workbench/node/extensionHostProcess.js:658:673
	at /usr/share/code/resources/app/out/vs/workbench/node/extensionHostProcess.js:96:599
	at e.fire (/usr/share/code/resources/app/out/vs/workbench/node/extensionHostProcess.js:97:917)
	at u (/usr/share/code/resources/app/out/vs/workbench/node/extensionHostProcess.js:159:721)
	at Socket.<anonymous> (/usr/share/code/resources/app/out/vs/workbench/node/extensionHostProcess.js:159:898)
	at emitOne (events.js:96:13)
	at Socket.emit (events.js:191:7)
	at readableAddChunk (_stream_readable.js:178:18)
	at Socket.Readable.push (_stream_readable.js:136:10)
	at Pipe.onread (net.js:560:20)
[2018-08-06 11:31:41.600] [renderer1] [error] Cannot read property 'lineNumber' of null: TypeError: Cannot read property 'lineNumber' of null
	at Object.e.to (/usr/share/code/resources/app/out/vs/workbench/node/extensionHostProcess.js:663:450)
	at e.provideHover (/usr/share/code/resources/app/out/vs/workbench/node/extensionHostProcess.js:720:284)
	at /usr/share/code/resources/app/out/vs/workbench/node/extensionHostProcess.js:734:302
	at e._withAdapter (/usr/share/code/resources/app/out/vs/workbench/node/extensionHostProcess.js:731:534)
	at e.$provideHover (/usr/share/code/resources/app/out/vs/workbench/node/extensionHostProcess.js:734:264)
	at e._doInvokeHandler (/usr/share/code/resources/app/out/vs/workbench/node/extensionHostProcess.js:658:87)
	at e._invokeHandler (/usr/share/code/resources/app/out/vs/workbench/node/extensionHostProcess.js:657:779)
	at e._receiveRequest (/usr/share/code/resources/app/out/vs/workbench/node/extensionHostProcess.js:656:851)
	at e._receiveOneMessage (/usr/share/code/resources/app/out/vs/workbench/node/extensionHostProcess.js:656:620)
	at /usr/share/code/resources/app/out/vs/workbench/node/extensionHostProcess.js:655:544
	at /usr/share/code/resources/app/out/vs/workbench/node/extensionHostProcess.js:658:673
	at /usr/share/code/resources/app/out/vs/workbench/node/extensionHostProcess.js:96:599
	at e.fire (/usr/share/code/resources/app/out/vs/workbench/node/extensionHostProcess.js:97:917)
	at u (/usr/share/code/resources/app/out/vs/workbench/node/extensionHostProcess.js:159:721)
	at Socket.<anonymous> (/usr/share/code/resources/app/out/vs/workbench/node/extensionHostProcess.js:159:898)
	at emitOne (events.js:96:13)
	at Socket.emit (events.js:191:7)
	at readableAddChunk (_stream_readable.js:178:18)
	at Socket.Readable.push (_stream_readable.js:136:10)
	at Pipe.onread (net.js:560:20)
[2018-08-06 11:31:42.925] [renderer1] [error] Cannot read property 'lineNumber' of null: TypeError: Cannot read property 'lineNumber' of null
	at Object.e.to (/usr/share/code/resources/app/out/vs/workbench/node/extensionHostProcess.js:663:450)
	at e.provideHover (/usr/share/code/resources/app/out/vs/workbench/node/extensionHostProcess.js:720:284)
	at /usr/share/code/resources/app/out/vs/workbench/node/extensionHostProcess.js:734:302
	at e._withAdapter (/usr/share/code/resources/app/out/vs/workbench/node/extensionHostProcess.js:731:534)
	at e.$provideHover (/usr/share/code/resources/app/out/vs/workbench/node/extensionHostProcess.js:734:264)
	at e._doInvokeHandler (/usr/share/code/resources/app/out/vs/workbench/node/extensionHostProcess.js:658:87)
	at e._invokeHandler (/usr/share/code/resources/app/out/vs/workbench/node/extensionHostProcess.js:657:779)
	at e._receiveRequest (/usr/share/code/resources/app/out/vs/workbench/node/extensionHostProcess.js:656:851)
	at e._receiveOneMessage (/usr/share/code/resources/app/out/vs/workbench/node/extensionHostProcess.js:656:620)
	at /usr/share/code/resources/app/out/vs/workbench/node/extensionHostProcess.js:655:544
	at /usr/share/code/resources/app/out/vs/workbench/node/extensionHostProcess.js:658:673
	at /usr/share/code/resources/app/out/vs/workbench/node/extensionHostProcess.js:96:599
	at e.fire (/usr/share/code/resources/app/out/vs/workbench/node/extensionHostProcess.js:97:917)
	at u (/usr/share/code/resources/app/out/vs/workbench/node/extensionHostProcess.js:159:721)
	at Socket.<anonymous> (/usr/share/code/resources/app/out/vs/workbench/node/extensionHostProcess.js:159:898)
	at emitOne (events.js:96:13)
	at Socket.emit (events.js:191:7)
	at readableAddChunk (_stream_readable.js:178:18)
	at Socket.Readable.push (_stream_readable.js:136:10)
	at Pipe.onread (net.js:560:20)
[2018-08-06 11:31:45.906] [renderer1] [error] Cannot read property 'lineNumber' of null: TypeError: Cannot read property 'lineNumber' of null
	at Object.e.to (/usr/share/code/resources/app/out/vs/workbench/node/extensionHostProcess.js:663:450)
	at e.provideHover (/usr/share/code/resources/app/out/vs/workbench/node/extensionHostProcess.js:720:284)
	at /usr/share/code/resources/app/out/vs/workbench/node/extensionHostProcess.js:734:302
	at e._withAdapter (/usr/share/code/resources/app/out/vs/workbench/node/extensionHostProcess.js:731:534)
	at e.$provideHover (/usr/share/code/resources/app/out/vs/workbench/node/extensionHostProcess.js:734:264)
	at e._doInvokeHandler (/usr/share/code/resources/app/out/vs/workbench/node/extensionHostProcess.js:658:87)
	at e._invokeHandler (/usr/share/code/resources/app/out/vs/workbench/node/extensionHostProcess.js:657:779)
	at e._receiveRequest (/usr/share/code/resources/app/out/vs/workbench/node/extensionHostProcess.js:656:851)
	at e._receiveOneMessage (/usr/share/code/resources/app/out/vs/workbench/node/extensionHostProcess.js:656:620)
	at /usr/share/code/resources/app/out/vs/workbench/node/extensionHostProcess.js:655:544
	at /usr/share/code/resources/app/out/vs/workbench/node/extensionHostProcess.js:658:673
	at /usr/share/code/resources/app/out/vs/workbench/node/extensionHostProcess.js:96:599
	at e.fire (/usr/share/code/resources/app/out/vs/workbench/node/extensionHostProcess.js:97:917)
	at u (/usr/share/code/resources/app/out/vs/workbench/node/extensionHostProcess.js:159:721)
	at Socket.<anonymous> (/usr/share/code/resources/app/out/vs/workbench/node/extensionHostProcess.js:159:898)
	at emitOne (events.js:96:13)
	at Socket.emit (events.js:191:7)
	at readableAddChunk (_stream_readable.js:178:18)
	at Socket.Readable.push (_stream_readable.js:136:10)
	at Pipe.onread (net.js:560:20)
[2018-08-06 11:31:47.098] [renderer1] [error] Cannot read property 'lineNumber' of null: TypeError: Cannot read property 'lineNumber' of null
	at Object.e.to (/usr/share/code/resources/app/out/vs/workbench/node/extensionHostProcess.js:663:450)
	at e.provideHover (/usr/share/code/resources/app/out/vs/workbench/node/extensionHostProcess.js:720:284)
	at /usr/share/code/resources/app/out/vs/workbench/node/extensionHostProcess.js:734:302
	at e._withAdapter (/usr/share/code/resources/app/out/vs/workbench/node/extensionHostProcess.js:731:534)
	at e.$provideHover (/usr/share/code/resources/app/out/vs/workbench/node/extensionHostProcess.js:734:264)
	at e._doInvokeHandler (/usr/share/code/resources/app/out/vs/workbench/node/extensionHostProcess.js:658:87)
	at e._invokeHandler (/usr/share/code/resources/app/out/vs/workbench/node/extensionHostProcess.js:657:779)
	at e._receiveRequest (/usr/share/code/resources/app/out/vs/workbench/node/extensionHostProcess.js:656:851)
	at e._receiveOneMessage (/usr/share/code/resources/app/out/vs/workbench/node/extensionHostProcess.js:656:620)
	at /usr/share/code/resources/app/out/vs/workbench/node/extensionHostProcess.js:655:544
	at /usr/share/code/resources/app/out/vs/workbench/node/extensionHostProcess.js:658:673
	at /usr/share/code/resources/app/out/vs/workbench/node/extensionHostProcess.js:96:599
	at e.fire (/usr/share/code/resources/app/out/vs/workbench/node/extensionHostProcess.js:97:917)
	at u (/usr/share/code/resources/app/out/vs/workbench/node/extensionHostProcess.js:159:721)
	at Socket.<anonymous> (/usr/share/code/resources/app/out/vs/workbench/node/extensionHostProcess.js:159:898)
	at emitOne (events.js:96:13)
	at Socket.emit (events.js:191:7)
	at readableAddChunk (_stream_readable.js:178:18)
	at Socket.Readable.push (_stream_readable.js:136:10)
	at Pipe.onread (net.js:560:20)
[2018-08-06 11:31:55.281] [renderer1] [error] Cannot read property 'lineNumber' of null: TypeError: Cannot read property 'lineNumber' of null
	at Object.e.to (/usr/share/code/resources/app/out/vs/workbench/node/extensionHostProcess.js:663:450)
	at e.provideHover (/usr/share/code/resources/app/out/vs/workbench/node/extensionHostProcess.js:720:284)
	at /usr/share/code/resources/app/out/vs/workbench/node/extensionHostProcess.js:734:302
	at e._withAdapter (/usr/share/code/resources/app/out/vs/workbench/node/extensionHostProcess.js:731:534)
	at e.$provideHover (/usr/share/code/resources/app/out/vs/workbench/node/extensionHostProcess.js:734:264)
	at e._doInvokeHandler (/usr/share/code/resources/app/out/vs/workbench/node/extensionHostProcess.js:658:87)
	at e._invokeHandler (/usr/share/code/resources/app/out/vs/workbench/node/extensionHostProcess.js:657:779)
	at e._receiveRequest (/usr/share/code/resources/app/out/vs/workbench/node/extensionHostProcess.js:656:851)
	at e._receiveOneMessage (/usr/share/code/resources/app/out/vs/workbench/node/extensionHostProcess.js:656:620)
	at /usr/share/code/resources/app/out/vs/workbench/node/extensionHostProcess.js:655:544
	at /usr/share/code/resources/app/out/vs/workbench/node/extensionHostProcess.js:658:673
	at /usr/share/code/resources/app/out/vs/workbench/node/extensionHostProcess.js:96:599
	at e.fire (/usr/share/code/resources/app/out/vs/workbench/node/extensionHostProcess.js:97:917)
	at u (/usr/share/code/resources/app/out/vs/workbench/node/extensionHostProcess.js:159:721)
	at Socket.<anonymous> (/usr/share/code/resources/app/out/vs/workbench/node/extensionHostProcess.js:159:898)
	at emitOne (events.js:96:13)
	at Socket.emit (events.js:191:7)
	at readableAddChunk (_stream_readable.js:178:18)
	at Socket.Readable.push (_stream_readable.js:136:10)
	at Pipe.onread (net.js:560:20)
[2018-08-06 11:37:53.424] [renderer1] [error] Cannot read property 'lineNumber' of null: TypeError: Cannot read property 'lineNumber' of null
	at Object.e.to (/usr/share/code/resources/app/out/vs/workbench/node/extensionHostProcess.js:663:450)
	at e.provideHover (/usr/share/code/resources/app/out/vs/workbench/node/extensionHostProcess.js:720:284)
	at /usr/share/code/resources/app/out/vs/workbench/node/extensionHostProcess.js:734:302
	at e._withAdapter (/usr/share/code/resources/app/out/vs/workbench/node/extensionHostProcess.js:731:534)
	at e.$provideHover (/usr/share/code/resources/app/out/vs/workbench/node/extensionHostProcess.js:734:264)
	at e._doInvokeHandler (/usr/share/code/resources/app/out/vs/workbench/node/extensionHostProcess.js:658:87)
	at e._invokeHandler (/usr/share/code/resources/app/out/vs/workbench/node/extensionHostProcess.js:657:779)
	at e._receiveRequest (/usr/share/code/resources/app/out/vs/workbench/node/extensionHostProcess.js:656:851)
	at e._receiveOneMessage (/usr/share/code/resources/app/out/vs/workbench/node/extensionHostProcess.js:656:620)
	at /usr/share/code/resources/app/out/vs/workbench/node/extensionHostProcess.js:655:544
	at /usr/share/code/resources/app/out/vs/workbench/node/extensionHostProcess.js:658:673
	at /usr/share/code/resources/app/out/vs/workbench/node/extensionHostProcess.js:96:599
	at e.fire (/usr/share/code/resources/app/out/vs/workbench/node/extensionHostProcess.js:97:917)
	at u (/usr/share/code/resources/app/out/vs/workbench/node/extensionHostProcess.js:159:721)
	at Socket.<anonymous> (/usr/share/code/resources/app/out/vs/workbench/node/extensionHostProcess.js:159:898)
	at emitOne (events.js:96:13)
	at Socket.emit (events.js:191:7)
	at readableAddChunk (_stream_readable.js:178:18)
	at Socket.Readable.push (_stream_readable.js:136:10)
	at Pipe.onread (net.js:560:20)
[2018-08-06 12:12:41.835] [renderer1] [error] Cannot read property 'lineNumber' of null: TypeError: Cannot read property 'lineNumber' of null
	at Object.e.to (/usr/share/code/resources/app/out/vs/workbench/node/extensionHostProcess.js:663:450)
	at e.provideHover (/usr/share/code/resources/app/out/vs/workbench/node/extensionHostProcess.js:720:284)
	at /usr/share/code/resources/app/out/vs/workbench/node/extensionHostProcess.js:734:302
	at e._withAdapter (/usr/share/code/resources/app/out/vs/workbench/node/extensionHostProcess.js:731:534)
	at e.$provideHover (/usr/share/code/resources/app/out/vs/workbench/node/extensionHostProcess.js:734:264)
	at e._doInvokeHandler (/usr/share/code/resources/app/out/vs/workbench/node/extensionHostProcess.js:658:87)
	at e._invokeHandler (/usr/share/code/resources/app/out/vs/workbench/node/extensionHostProcess.js:657:779)
	at e._receiveRequest (/usr/share/code/resources/app/out/vs/workbench/node/extensionHostProcess.js:656:851)
	at e._receiveOneMessage (/usr/share/code/resources/app/out/vs/workbench/node/extensionHostProcess.js:656:620)
	at /usr/share/code/resources/app/out/vs/workbench/node/extensionHostProcess.js:655:544
	at /usr/share/code/resources/app/out/vs/workbench/node/extensionHostProcess.js:658:673
	at /usr/share/code/resources/app/out/vs/workbench/node/extensionHostProcess.js:96:599
	at e.fire (/usr/share/code/resources/app/out/vs/workbench/node/extensionHostProcess.js:97:917)
	at u (/usr/share/code/resources/app/out/vs/workbench/node/extensionHostProcess.js:159:721)
	at Socket.<anonymous> (/usr/share/code/resources/app/out/vs/workbench/node/extensionHostProcess.js:159:898)
	at emitOne (events.js:96:13)
	at Socket.emit (events.js:191:7)
	at readableAddChunk (_stream_readable.js:178:18)
	at Socket.Readable.push (_stream_readable.js:136:10)
	at Pipe.onread (net.js:560:20)
[2018-08-06 12:12:43.332] [renderer1] [error] Cannot read property 'lineNumber' of null: TypeError: Cannot read property 'lineNumber' of null
	at Object.e.to (/usr/share/code/resources/app/out/vs/workbench/node/extensionHostProcess.js:663:450)
	at e.provideHover (/usr/share/code/resources/app/out/vs/workbench/node/extensionHostProcess.js:720:284)
	at /usr/share/code/resources/app/out/vs/workbench/node/extensionHostProcess.js:734:302
	at e._withAdapter (/usr/share/code/resources/app/out/vs/workbench/node/extensionHostProcess.js:731:534)
	at e.$provideHover (/usr/share/code/resources/app/out/vs/workbench/node/extensionHostProcess.js:734:264)
	at e._doInvokeHandler (/usr/share/code/resources/app/out/vs/workbench/node/extensionHostProcess.js:658:87)
	at e._invokeHandler (/usr/share/code/resources/app/out/vs/workbench/node/extensionHostProcess.js:657:779)
	at e._receiveRequest (/usr/share/code/resources/app/out/vs/workbench/node/extensionHostProcess.js:656:851)
	at e._receiveOneMessage (/usr/share/code/resources/app/out/vs/workbench/node/extensionHostProcess.js:656:620)
	at /usr/share/code/resources/app/out/vs/workbench/node/extensionHostProcess.js:655:544
	at /usr/share/code/resources/app/out/vs/workbench/node/extensionHostProcess.js:658:673
	at /usr/share/code/resources/app/out/vs/workbench/node/extensionHostProcess.js:96:599
	at e.fire (/usr/share/code/resources/app/out/vs/workbench/node/extensionHostProcess.js:97:917)
	at u (/usr/share/code/resources/app/out/vs/workbench/node/extensionHostProcess.js:159:721)
	at Socket.<anonymous> (/usr/share/code/resources/app/out/vs/workbench/node/extensionHostProcess.js:159:898)
	at emitOne (events.js:96:13)
	at Socket.emit (events.js:191:7)
	at readableAddChunk (_stream_readable.js:178:18)
	at Socket.Readable.push (_stream_readable.js:136:10)
	at Pipe.onread (net.js:560:20)
[2018-08-06 12:12:48.248] [renderer1] [error] Cannot read property 'lineNumber' of null: TypeError: Cannot read property 'lineNumber' of null
	at Object.e.to (/usr/share/code/resources/app/out/vs/workbench/node/extensionHostProcess.js:663:450)
	at e.provideHover (/usr/share/code/resources/app/out/vs/workbench/node/extensionHostProcess.js:720:284)
	at /usr/share/code/resources/app/out/vs/workbench/node/extensionHostProcess.js:734:302
	at e._withAdapter (/usr/share/code/resources/app/out/vs/workbench/node/extensionHostProcess.js:731:534)
	at e.$provideHover (/usr/share/code/resources/app/out/vs/workbench/node/extensionHostProcess.js:734:264)
	at e._doInvokeHandler (/usr/share/code/resources/app/out/vs/workbench/node/extensionHostProcess.js:658:87)
	at e._invokeHandler (/usr/share/code/resources/app/out/vs/workbench/node/extensionHostProcess.js:657:779)
	at e._receiveRequest (/usr/share/code/resources/app/out/vs/workbench/node/extensionHostProcess.js:656:851)
	at e._receiveOneMessage (/usr/share/code/resources/app/out/vs/workbench/node/extensionHostProcess.js:656:620)
	at /usr/share/code/resources/app/out/vs/workbench/node/extensionHostProcess.js:655:544
	at /usr/share/code/resources/app/out/vs/workbench/node/extensionHostProcess.js:658:673
	at /usr/share/code/resources/app/out/vs/workbench/node/extensionHostProcess.js:96:599
	at e.fire (/usr/share/code/resources/app/out/vs/workbench/node/extensionHostProcess.js:97:917)
	at u (/usr/share/code/resources/app/out/vs/workbench/node/extensionHostProcess.js:159:721)
	at Socket.<anonymous> (/usr/share/code/resources/app/out/vs/workbench/node/extensionHostProcess.js:159:898)
	at emitOne (events.js:96:13)
	at Socket.emit (events.js:191:7)
	at readableAddChunk (_stream_readable.js:178:18)
	at Socket.Readable.push (_stream_readable.js:136:10)
	at Pipe.onread (net.js:560:20)
[2018-08-06 12:12:50.860] [renderer1] [error] Cannot read property 'lineNumber' of null: TypeError: Cannot read property 'lineNumber' of null
	at Object.e.to (/usr/share/code/resources/app/out/vs/workbench/node/extensionHostProcess.js:663:450)
	at e.provideHover (/usr/share/code/resources/app/out/vs/workbench/node/extensionHostProcess.js:720:284)
	at /usr/share/code/resources/app/out/vs/workbench/node/extensionHostProcess.js:734:302
	at e._withAdapter (/usr/share/code/resources/app/out/vs/workbench/node/extensionHostProcess.js:731:534)
	at e.$provideHover (/usr/share/code/resources/app/out/vs/workbench/node/extensionHostProcess.js:734:264)
	at e._doInvokeHandler (/usr/share/code/resources/app/out/vs/workbench/node/extensionHostProcess.js:658:87)
	at e._invokeHandler (/usr/share/code/resources/app/out/vs/workbench/node/extensionHostProcess.js:657:779)
	at e._receiveRequest (/usr/share/code/resources/app/out/vs/workbench/node/extensionHostProcess.js:656:851)
	at e._receiveOneMessage (/usr/share/code/resources/app/out/vs/workbench/node/extensionHostProcess.js:656:620)
	at /usr/share/code/resources/app/out/vs/workbench/node/extensionHostProcess.js:655:544
	at /usr/share/code/resources/app/out/vs/workbench/node/extensionHostProcess.js:658:673
	at /usr/share/code/resources/app/out/vs/workbench/node/extensionHostProcess.js:96:599
	at e.fire (/usr/share/code/resources/app/out/vs/workbench/node/extensionHostProcess.js:97:917)
	at u (/usr/share/code/resources/app/out/vs/workbench/node/extensionHostProcess.js:159:721)
	at Socket.<anonymous> (/usr/share/code/resources/app/out/vs/workbench/node/extensionHostProcess.js:159:898)
	at emitOne (events.js:96:13)
	at Socket.emit (events.js:191:7)
	at readableAddChunk (_stream_readable.js:178:18)
	at Socket.Readable.push (_stream_readable.js:136:10)
	at Pipe.onread (net.js:560:20)
[2018-08-06 12:12:52.003] [renderer1] [error] Cannot read property 'lineNumber' of null: TypeError: Cannot read property 'lineNumber' of null
	at Object.e.to (/usr/share/code/resources/app/out/vs/workbench/node/extensionHostProcess.js:663:450)
	at e.provideHover (/usr/share/code/resources/app/out/vs/workbench/node/extensionHostProcess.js:720:284)
	at /usr/share/code/resources/app/out/vs/workbench/node/extensionHostProcess.js:734:302
	at e._withAdapter (/usr/share/code/resources/app/out/vs/workbench/node/extensionHostProcess.js:731:534)
	at e.$provideHover (/usr/share/code/resources/app/out/vs/workbench/node/extensionHostProcess.js:734:264)
	at e._doInvokeHandler (/usr/share/code/resources/app/out/vs/workbench/node/extensionHostProcess.js:658:87)
	at e._invokeHandler (/usr/share/code/resources/app/out/vs/workbench/node/extensionHostProcess.js:657:779)
	at e._receiveRequest (/usr/share/code/resources/app/out/vs/workbench/node/extensionHostProcess.js:656:851)
	at e._receiveOneMessage (/usr/share/code/resources/app/out/vs/workbench/node/extensionHostProcess.js:656:620)
	at /usr/share/code/resources/app/out/vs/workbench/node/extensionHostProcess.js:655:544
	at /usr/share/code/resources/app/out/vs/workbench/node/extensionHostProcess.js:658:673
	at /usr/share/code/resources/app/out/vs/workbench/node/extensionHostProcess.js:96:599
	at e.fire (/usr/share/code/resources/app/out/vs/workbench/node/extensionHostProcess.js:97:917)
	at u (/usr/share/code/resources/app/out/vs/workbench/node/extensionHostProcess.js:159:721)
	at Socket.<anonymous> (/usr/share/code/resources/app/out/vs/workbench/node/extensionHostProcess.js:159:898)
	at emitOne (events.js:96:13)
	at Socket.emit (events.js:191:7)
	at readableAddChunk (_stream_readable.js:178:18)
	at Socket.Readable.push (_stream_readable.js:136:10)
	at Pipe.onread (net.js:560:20)
[2018-08-06 12:13:05.864] [renderer1] [error] Cannot read property 'lineNumber' of null: TypeError: Cannot read property 'lineNumber' of null
	at Object.e.to (/usr/share/code/resources/app/out/vs/workbench/node/extensionHostProcess.js:663:450)
	at e.provideHover (/usr/share/code/resources/app/out/vs/workbench/node/extensionHostProcess.js:720:284)
	at /usr/share/code/resources/app/out/vs/workbench/node/extensionHostProcess.js:734:302
	at e._withAdapter (/usr/share/code/resources/app/out/vs/workbench/node/extensionHostProcess.js:731:534)
	at e.$provideHover (/usr/share/code/resources/app/out/vs/workbench/node/extensionHostProcess.js:734:264)
	at e._doInvokeHandler (/usr/share/code/resources/app/out/vs/workbench/node/extensionHostProcess.js:658:87)
	at e._invokeHandler (/usr/share/code/resources/app/out/vs/workbench/node/extensionHostProcess.js:657:779)
	at e._receiveRequest (/usr/share/code/resources/app/out/vs/workbench/node/extensionHostProcess.js:656:851)
	at e._receiveOneMessage (/usr/share/code/resources/app/out/vs/workbench/node/extensionHostProcess.js:656:620)
	at /usr/share/code/resources/app/out/vs/workbench/node/extensionHostProcess.js:655:544
	at /usr/share/code/resources/app/out/vs/workbench/node/extensionHostProcess.js:658:673
	at /usr/share/code/resources/app/out/vs/workbench/node/extensionHostProcess.js:96:599
	at e.fire (/usr/share/code/resources/app/out/vs/workbench/node/extensionHostProcess.js:97:917)
	at u (/usr/share/code/resources/app/out/vs/workbench/node/extensionHostProcess.js:159:721)
	at Socket.<anonymous> (/usr/share/code/resources/app/out/vs/workbench/node/extensionHostProcess.js:159:898)
	at emitOne (events.js:96:13)
	at Socket.emit (events.js:191:7)
	at readableAddChunk (_stream_readable.js:178:18)
	at Socket.Readable.push (_stream_readable.js:136:10)
	at Pipe.onread (net.js:560:20)
[2018-08-06 12:13:13.536] [renderer1] [error] Cannot read property 'lineNumber' of null: TypeError: Cannot read property 'lineNumber' of null
	at Object.e.to (/usr/share/code/resources/app/out/vs/workbench/node/extensionHostProcess.js:663:450)
	at e.provideHover (/usr/share/code/resources/app/out/vs/workbench/node/extensionHostProcess.js:720:284)
	at /usr/share/code/resources/app/out/vs/workbench/node/extensionHostProcess.js:734:302
	at e._withAdapter (/usr/share/code/resources/app/out/vs/workbench/node/extensionHostProcess.js:731:534)
	at e.$provideHover (/usr/share/code/resources/app/out/vs/workbench/node/extensionHostProcess.js:734:264)
	at e._doInvokeHandler (/usr/share/code/resources/app/out/vs/workbench/node/extensionHostProcess.js:658:87)
	at e._invokeHandler (/usr/share/code/resources/app/out/vs/workbench/node/extensionHostProcess.js:657:779)
	at e._receiveRequest (/usr/share/code/resources/app/out/vs/workbench/node/extensionHostProcess.js:656:851)
	at e._receiveOneMessage (/usr/share/code/resources/app/out/vs/workbench/node/extensionHostProcess.js:656:620)
	at /usr/share/code/resources/app/out/vs/workbench/node/extensionHostProcess.js:655:544
	at /usr/share/code/resources/app/out/vs/workbench/node/extensionHostProcess.js:658:673
	at /usr/share/code/resources/app/out/vs/workbench/node/extensionHostProcess.js:96:599
	at e.fire (/usr/share/code/resources/app/out/vs/workbench/node/extensionHostProcess.js:97:917)
	at u (/usr/share/code/resources/app/out/vs/workbench/node/extensionHostProcess.js:159:721)
	at Socket.<anonymous> (/usr/share/code/resources/app/out/vs/workbench/node/extensionHostProcess.js:159:898)
	at emitOne (events.js:96:13)
	at Socket.emit (events.js:191:7)
	at readableAddChunk (_stream_readable.js:178:18)
	at Socket.Readable.push (_stream_readable.js:136:10)
	at Pipe.onread (net.js:560:20)
[2018-08-06 12:13:21.876] [renderer1] [error] Cannot read property 'lineNumber' of null: TypeError: Cannot read property 'lineNumber' of null
	at Object.e.to (/usr/share/code/resources/app/out/vs/workbench/node/extensionHostProcess.js:663:450)
	at e.provideHover (/usr/share/code/resources/app/out/vs/workbench/node/extensionHostProcess.js:720:284)
	at /usr/share/code/resources/app/out/vs/workbench/node/extensionHostProcess.js:734:302
	at e._withAdapter (/usr/share/code/resources/app/out/vs/workbench/node/extensionHostProcess.js:731:534)
	at e.$provideHover (/usr/share/code/resources/app/out/vs/workbench/node/extensionHostProcess.js:734:264)
	at e._doInvokeHandler (/usr/share/code/resources/app/out/vs/workbench/node/extensionHostProcess.js:658:87)
	at e._invokeHandler (/usr/share/code/resources/app/out/vs/workbench/node/extensionHostProcess.js:657:779)
	at e._receiveRequest (/usr/share/code/resources/app/out/vs/workbench/node/extensionHostProcess.js:656:851)
	at e._receiveOneMessage (/usr/share/code/resources/app/out/vs/workbench/node/extensionHostProcess.js:656:620)
	at /usr/share/code/resources/app/out/vs/workbench/node/extensionHostProcess.js:655:544
	at /usr/share/code/resources/app/out/vs/workbench/node/extensionHostProcess.js:658:673
	at /usr/share/code/resources/app/out/vs/workbench/node/extensionHostProcess.js:96:599
	at e.fire (/usr/share/code/resources/app/out/vs/workbench/node/extensionHostProcess.js:97:917)
	at u (/usr/share/code/resources/app/out/vs/workbench/node/extensionHostProcess.js:159:721)
	at Socket.<anonymous> (/usr/share/code/resources/app/out/vs/workbench/node/extensionHostProcess.js:159:898)
	at emitOne (events.js:96:13)
	at Socket.emit (events.js:191:7)
	at readableAddChunk (_stream_readable.js:178:18)
	at Socket.Readable.push (_stream_readable.js:136:10)
	at Pipe.onread (net.js:560:20)
[2018-08-06 12:13:24.837] [renderer1] [error] Cannot read property 'lineNumber' of null: TypeError: Cannot read property 'lineNumber' of null
	at Object.e.to (/usr/share/code/resources/app/out/vs/workbench/node/extensionHostProcess.js:663:450)
	at e.provideHover (/usr/share/code/resources/app/out/vs/workbench/node/extensionHostProcess.js:720:284)
	at /usr/share/code/resources/app/out/vs/workbench/node/extensionHostProcess.js:734:302
	at e._withAdapter (/usr/share/code/resources/app/out/vs/workbench/node/extensionHostProcess.js:731:534)
	at e.$provideHover (/usr/share/code/resources/app/out/vs/workbench/node/extensionHostProcess.js:734:264)
	at e._doInvokeHandler (/usr/share/code/resources/app/out/vs/workbench/node/extensionHostProcess.js:658:87)
	at e._invokeHandler (/usr/share/code/resources/app/out/vs/workbench/node/extensionHostProcess.js:657:779)
	at e._receiveRequest (/usr/share/code/resources/app/out/vs/workbench/node/extensionHostProcess.js:656:851)
	at e._receiveOneMessage (/usr/share/code/resources/app/out/vs/workbench/node/extensionHostProcess.js:656:620)
	at /usr/share/code/resources/app/out/vs/workbench/node/extensionHostProcess.js:655:544
	at /usr/share/code/resources/app/out/vs/workbench/node/extensionHostProcess.js:658:673
	at /usr/share/code/resources/app/out/vs/workbench/node/extensionHostProcess.js:96:599
	at e.fire (/usr/share/code/resources/app/out/vs/workbench/node/extensionHostProcess.js:97:917)
	at u (/usr/share/code/resources/app/out/vs/workbench/node/extensionHostProcess.js:159:721)
	at Socket.<anonymous> (/usr/share/code/resources/app/out/vs/workbench/node/extensionHostProcess.js:159:898)
	at emitOne (events.js:96:13)
	at Socket.emit (events.js:191:7)
	at readableAddChunk (_stream_readable.js:178:18)
	at Socket.Readable.push (_stream_readable.js:136:10)
	at Pipe.onread (net.js:560:20)
[2018-08-06 16:22:03.294] [renderer1] [error] Cannot read property 'lineNumber' of null: TypeError: Cannot read property 'lineNumber' of null
	at Object.e.to (/usr/share/code/resources/app/out/vs/workbench/node/extensionHostProcess.js:663:450)
	at e.provideHover (/usr/share/code/resources/app/out/vs/workbench/node/extensionHostProcess.js:720:284)
	at /usr/share/code/resources/app/out/vs/workbench/node/extensionHostProcess.js:734:302
	at e._withAdapter (/usr/share/code/resources/app/out/vs/workbench/node/extensionHostProcess.js:731:534)
	at e.$provideHover (/usr/share/code/resources/app/out/vs/workbench/node/extensionHostProcess.js:734:264)
	at e._doInvokeHandler (/usr/share/code/resources/app/out/vs/workbench/node/extensionHostProcess.js:658:87)
	at e._invokeHandler (/usr/share/code/resources/app/out/vs/workbench/node/extensionHostProcess.js:657:779)
	at e._receiveRequest (/usr/share/code/resources/app/out/vs/workbench/node/extensionHostProcess.js:656:851)
	at e._receiveOneMessage (/usr/share/code/resources/app/out/vs/workbench/node/extensionHostProcess.js:656:620)
	at /usr/share/code/resources/app/out/vs/workbench/node/extensionHostProcess.js:655:544
	at /usr/share/code/resources/app/out/vs/workbench/node/extensionHostProcess.js:658:673
	at /usr/share/code/resources/app/out/vs/workbench/node/extensionHostProcess.js:96:599
	at e.fire (/usr/share/code/resources/app/out/vs/workbench/node/extensionHostProcess.js:97:917)
	at u (/usr/share/code/resources/app/out/vs/workbench/node/extensionHostProcess.js:159:721)
	at Socket.<anonymous> (/usr/share/code/resources/app/out/vs/workbench/node/extensionHostProcess.js:159:898)
	at emitOne (events.js:96:13)
	at Socket.emit (events.js:191:7)
	at readableAddChunk (_stream_readable.js:178:18)
	at Socket.Readable.push (_stream_readable.js:136:10)
	at Pipe.onread (net.js:560:20)
[2018-08-06 16:22:47.435] [renderer1] [error] Cannot read property 'lineNumber' of null: TypeError: Cannot read property 'lineNumber' of null
	at Object.e.to (/usr/share/code/resources/app/out/vs/workbench/node/extensionHostProcess.js:663:450)
	at e.provideHover (/usr/share/code/resources/app/out/vs/workbench/node/extensionHostProcess.js:720:284)
	at /usr/share/code/resources/app/out/vs/workbench/node/extensionHostProcess.js:734:302
	at e._withAdapter (/usr/share/code/resources/app/out/vs/workbench/node/extensionHostProcess.js:731:534)
	at e.$provideHover (/usr/share/code/resources/app/out/vs/workbench/node/extensionHostProcess.js:734:264)
	at e._doInvokeHandler (/usr/share/code/resources/app/out/vs/workbench/node/extensionHostProcess.js:658:87)
	at e._invokeHandler (/usr/share/code/resources/app/out/vs/workbench/node/extensionHostProcess.js:657:779)
	at e._receiveRequest (/usr/share/code/resources/app/out/vs/workbench/node/extensionHostProcess.js:656:851)
	at e._receiveOneMessage (/usr/share/code/resources/app/out/vs/workbench/node/extensionHostProcess.js:656:620)
	at /usr/share/code/resources/app/out/vs/workbench/node/extensionHostProcess.js:655:544
	at /usr/share/code/resources/app/out/vs/workbench/node/extensionHostProcess.js:658:673
	at /usr/share/code/resources/app/out/vs/workbench/node/extensionHostProcess.js:96:599
	at e.fire (/usr/share/code/resources/app/out/vs/workbench/node/extensionHostProcess.js:97:917)
	at u (/usr/share/code/resources/app/out/vs/workbench/node/extensionHostProcess.js:159:721)
	at Socket.<anonymous> (/usr/share/code/resources/app/out/vs/workbench/node/extensionHostProcess.js:159:898)
	at emitOne (events.js:96:13)
	at Socket.emit (events.js:191:7)
	at readableAddChunk (_stream_readable.js:178:18)
	at Socket.Readable.push (_stream_readable.js:136:10)
	at Pipe.onread (net.js:560:20)
