[2018-07-28 11:58:38.665] [exthost1] [info] extension host started
[2018-07-28 11:58:38.689] [exthost1] [info] ExtensionService#_doActivateExtension vscode.emmet {"startup":true,"activationEvent":"*"}
[2018-07-28 11:58:38.689] [exthost1] [info] ExtensionService#loadCommonJSModule /usr/share/code/resources/app/extensions/emmet/out/extension
[2018-07-28 11:58:38.749] [exthost1] [info] ExtensionService#_doActivateExtension vscode.git {"startup":true,"activationEvent":"*"}
[2018-07-28 11:58:38.749] [exthost1] [info] ExtensionService#loadCommonJSModule /usr/share/code/resources/app/extensions/git/out/main
[2018-07-28 11:58:38.908] [exthost1] [info] ExtensionService#_doActivateExtension vscode.merge-conflict {"startup":true,"activationEvent":"*"}
[2018-07-28 11:58:38.908] [exthost1] [info] ExtensionService#loadCommonJSModule /usr/share/code/resources/app/extensions/merge-conflict/out/extension
[2018-07-28 11:58:38.919] [exthost1] [info] ExtensionService#_doActivateExtension vscode.search-rg {"startup":true,"activationEvent":"*"}
[2018-07-28 11:58:38.919] [exthost1] [info] ExtensionService#loadCommonJSModule /usr/share/code/resources/app/extensions/search-rg/out/extension
[2018-07-28 11:58:38.925] [exthost1] [info] eager extensions activated
[2018-07-28 11:58:38.929] [exthost1] [info] ExtensionService#_doActivateExtension vscode.php-language-features {"startup":false,"activationEvent":"onLanguage:php"}
[2018-07-28 11:58:38.929] [exthost1] [info] ExtensionService#loadCommonJSModule /usr/share/code/resources/app/extensions/php-language-features/out/phpMain
[2018-07-28 11:58:38.954] [exthost1] [info] ExtensionService#_doActivateExtension kokororin.vscode-phpfmt {"startup":false,"activationEvent":"onLanguage:php"}
[2018-07-28 11:58:38.954] [exthost1] [info] ExtensionService#loadCommonJSModule /home/bridgelabz/.vscode/extensions/kokororin.vscode-phpfmt-1.0.30/out/src/extension
[2018-07-28 12:03:19.823] [exthost1] [info] extension host started
[2018-07-28 12:03:19.850] [exthost1] [info] ExtensionService#_doActivateExtension vscode.emmet {"startup":true,"activationEvent":"*"}
[2018-07-28 12:03:19.850] [exthost1] [info] ExtensionService#loadCommonJSModule /usr/share/code/resources/app/extensions/emmet/out/extension
[2018-07-28 12:03:19.905] [exthost1] [info] ExtensionService#_doActivateExtension vscode.git {"startup":true,"activationEvent":"*"}
[2018-07-28 12:03:19.905] [exthost1] [info] ExtensionService#loadCommonJSModule /usr/share/code/resources/app/extensions/git/out/main
[2018-07-28 12:03:20.048] [exthost1] [info] ExtensionService#_doActivateExtension vscode.merge-conflict {"startup":true,"activationEvent":"*"}
[2018-07-28 12:03:20.048] [exthost1] [info] ExtensionService#loadCommonJSModule /usr/share/code/resources/app/extensions/merge-conflict/out/extension
[2018-07-28 12:03:20.057] [exthost1] [info] ExtensionService#_doActivateExtension vscode.search-rg {"startup":true,"activationEvent":"*"}
[2018-07-28 12:03:20.057] [exthost1] [info] ExtensionService#loadCommonJSModule /usr/share/code/resources/app/extensions/search-rg/out/extension
[2018-07-28 12:03:20.063] [exthost1] [info] eager extensions activated
[2018-07-28 12:03:39.483] [exthost1] [info] extension host started
[2018-07-28 12:03:39.513] [exthost1] [info] ExtensionService#_doActivateExtension vscode.emmet {"startup":true,"activationEvent":"*"}
[2018-07-28 12:03:39.513] [exthost1] [info] ExtensionService#loadCommonJSModule /usr/share/code/resources/app/extensions/emmet/out/extension
[2018-07-28 12:03:39.571] [exthost1] [info] ExtensionService#_doActivateExtension vscode.git {"startup":true,"activationEvent":"*"}
[2018-07-28 12:03:39.571] [exthost1] [info] ExtensionService#loadCommonJSModule /usr/share/code/resources/app/extensions/git/out/main
[2018-07-28 12:03:39.717] [exthost1] [info] ExtensionService#_doActivateExtension vscode.merge-conflict {"startup":true,"activationEvent":"*"}
[2018-07-28 12:03:39.717] [exthost1] [info] ExtensionService#loadCommonJSModule /usr/share/code/resources/app/extensions/merge-conflict/out/extension
[2018-07-28 12:03:39.727] [exthost1] [info] ExtensionService#_doActivateExtension vscode.search-rg {"startup":true,"activationEvent":"*"}
[2018-07-28 12:03:39.727] [exthost1] [info] ExtensionService#loadCommonJSModule /usr/share/code/resources/app/extensions/search-rg/out/extension
[2018-07-28 12:03:39.734] [exthost1] [info] eager extensions activated
[2018-07-28 12:03:57.172] [exthost1] [info] ExtensionService#_doActivateExtension vscode.configuration-editing {"startup":false,"activationEvent":"onLanguage:jsonc"}
[2018-07-28 12:03:57.172] [exthost1] [info] ExtensionService#loadCommonJSModule /usr/share/code/resources/app/extensions/configuration-editing/out/extension
[2018-07-28 12:03:57.278] [exthost1] [info] ExtensionService#_doActivateExtension vscode.json-language-features {"startup":false,"activationEvent":"onLanguage:jsonc"}
[2018-07-28 12:03:57.278] [exthost1] [info] ExtensionService#loadCommonJSModule /usr/share/code/resources/app/extensions/json-language-features/client/out/jsonMain
[2018-07-28 12:04:05.926] [exthost1] [info] ExtensionService#_doActivateExtension vscode.php-language-features {"startup":false,"activationEvent":"onLanguage:php"}
[2018-07-28 12:04:05.926] [exthost1] [info] ExtensionService#loadCommonJSModule /usr/share/code/resources/app/extensions/php-language-features/out/phpMain
[2018-07-28 12:04:05.956] [exthost1] [info] ExtensionService#_doActivateExtension kokororin.vscode-phpfmt {"startup":false,"activationEvent":"onLanguage:php"}
[2018-07-28 12:04:05.956] [exthost1] [info] ExtensionService#loadCommonJSModule /home/bridgelabz/.vscode/extensions/kokororin.vscode-phpfmt-1.0.30/out/src/extension
[2018-07-28 12:41:56.959] [exthost1] [info] ExtensionService#_doActivateExtension ms-vscode.node-debug2 {"startup":false,"activationEvent":"onDebugInitialConfigurations"}
[2018-07-28 12:41:56.960] [exthost1] [info] ExtensionService#loadCommonJSModule /usr/share/code/resources/app/extensions/ms-vscode.node-debug2/out/src/extension
[2018-07-28 12:41:57.001] [exthost1] [info] ExtensionService#_doActivateExtension ms-vscode.node-debug {"startup":false,"activationEvent":"onDebugInitialConfigurations"}
[2018-07-28 12:41:57.001] [exthost1] [info] ExtensionService#loadCommonJSModule /usr/share/code/resources/app/extensions/ms-vscode.node-debug/out/node/extension/extension.js
