[2018-08-07 18:26:16.818] [renderer1] [info] no standard startup: panel is active
[2018-08-07 18:26:17.553] [renderer1] [info] No grammar found for scope source.smarty
[2018-08-07 18:26:17.730] [renderer1] [info] No grammar found for scope text.html.javadoc
[2018-08-07 18:41:44.376] [renderer1] [error] Cannot read property 'lineNumber' of null: TypeError: Cannot read property 'lineNumber' of null
	at Object.e.to (/usr/share/code/resources/app/out/vs/workbench/node/extensionHostProcess.js:663:450)
	at e.provideHover (/usr/share/code/resources/app/out/vs/workbench/node/extensionHostProcess.js:720:284)
	at /usr/share/code/resources/app/out/vs/workbench/node/extensionHostProcess.js:734:302
	at e._withAdapter (/usr/share/code/resources/app/out/vs/workbench/node/extensionHostProcess.js:731:534)
	at e.$provideHover (/usr/share/code/resources/app/out/vs/workbench/node/extensionHostProcess.js:734:264)
	at e._doInvokeHandler (/usr/share/code/resources/app/out/vs/workbench/node/extensionHostProcess.js:658:87)
	at e._invokeHandler (/usr/share/code/resources/app/out/vs/workbench/node/extensionHostProcess.js:657:779)
	at e._receiveRequest (/usr/share/code/resources/app/out/vs/workbench/node/extensionHostProcess.js:656:851)
	at e._receiveOneMessage (/usr/share/code/resources/app/out/vs/workbench/node/extensionHostProcess.js:656:620)
	at /usr/share/code/resources/app/out/vs/workbench/node/extensionHostProcess.js:655:544
	at /usr/share/code/resources/app/out/vs/workbench/node/extensionHostProcess.js:658:673
	at /usr/share/code/resources/app/out/vs/workbench/node/extensionHostProcess.js:96:599
	at e.fire (/usr/share/code/resources/app/out/vs/workbench/node/extensionHostProcess.js:97:917)
	at u (/usr/share/code/resources/app/out/vs/workbench/node/extensionHostProcess.js:159:721)
	at Socket.<anonymous> (/usr/share/code/resources/app/out/vs/workbench/node/extensionHostProcess.js:159:898)
	at emitOne (events.js:96:13)
	at Socket.emit (events.js:191:7)
	at readableAddChunk (_stream_readable.js:178:18)
	at Socket.Readable.push (_stream_readable.js:136:10)
	at Pipe.onread (net.js:560:20)
[2018-08-07 18:41:45.571] [renderer1] [error] Cannot read property 'lineNumber' of null: TypeError: Cannot read property 'lineNumber' of null
	at Object.e.to (/usr/share/code/resources/app/out/vs/workbench/node/extensionHostProcess.js:663:450)
	at e.provideHover (/usr/share/code/resources/app/out/vs/workbench/node/extensionHostProcess.js:720:284)
	at /usr/share/code/resources/app/out/vs/workbench/node/extensionHostProcess.js:734:302
	at e._withAdapter (/usr/share/code/resources/app/out/vs/workbench/node/extensionHostProcess.js:731:534)
	at e.$provideHover (/usr/share/code/resources/app/out/vs/workbench/node/extensionHostProcess.js:734:264)
	at e._doInvokeHandler (/usr/share/code/resources/app/out/vs/workbench/node/extensionHostProcess.js:658:87)
	at e._invokeHandler (/usr/share/code/resources/app/out/vs/workbench/node/extensionHostProcess.js:657:779)
	at e._receiveRequest (/usr/share/code/resources/app/out/vs/workbench/node/extensionHostProcess.js:656:851)
	at e._receiveOneMessage (/usr/share/code/resources/app/out/vs/workbench/node/extensionHostProcess.js:656:620)
	at /usr/share/code/resources/app/out/vs/workbench/node/extensionHostProcess.js:655:544
	at /usr/share/code/resources/app/out/vs/workbench/node/extensionHostProcess.js:658:673
	at /usr/share/code/resources/app/out/vs/workbench/node/extensionHostProcess.js:96:599
	at e.fire (/usr/share/code/resources/app/out/vs/workbench/node/extensionHostProcess.js:97:917)
	at u (/usr/share/code/resources/app/out/vs/workbench/node/extensionHostProcess.js:159:721)
	at Socket.<anonymous> (/usr/share/code/resources/app/out/vs/workbench/node/extensionHostProcess.js:159:898)
	at emitOne (events.js:96:13)
	at Socket.emit (events.js:191:7)
	at readableAddChunk (_stream_readable.js:178:18)
	at Socket.Readable.push (_stream_readable.js:136:10)
	at Pipe.onread (net.js:560:20)
[2018-08-07 18:42:35.942] [renderer1] [error] Cannot read property 'lineNumber' of null: TypeError: Cannot read property 'lineNumber' of null
	at Object.e.to (/usr/share/code/resources/app/out/vs/workbench/node/extensionHostProcess.js:663:450)
	at e.provideHover (/usr/share/code/resources/app/out/vs/workbench/node/extensionHostProcess.js:720:284)
	at /usr/share/code/resources/app/out/vs/workbench/node/extensionHostProcess.js:734:302
	at e._withAdapter (/usr/share/code/resources/app/out/vs/workbench/node/extensionHostProcess.js:731:534)
	at e.$provideHover (/usr/share/code/resources/app/out/vs/workbench/node/extensionHostProcess.js:734:264)
	at e._doInvokeHandler (/usr/share/code/resources/app/out/vs/workbench/node/extensionHostProcess.js:658:87)
	at e._invokeHandler (/usr/share/code/resources/app/out/vs/workbench/node/extensionHostProcess.js:657:779)
	at e._receiveRequest (/usr/share/code/resources/app/out/vs/workbench/node/extensionHostProcess.js:656:851)
	at e._receiveOneMessage (/usr/share/code/resources/app/out/vs/workbench/node/extensionHostProcess.js:656:620)
	at /usr/share/code/resources/app/out/vs/workbench/node/extensionHostProcess.js:655:544
	at /usr/share/code/resources/app/out/vs/workbench/node/extensionHostProcess.js:658:673
	at /usr/share/code/resources/app/out/vs/workbench/node/extensionHostProcess.js:96:599
	at e.fire (/usr/share/code/resources/app/out/vs/workbench/node/extensionHostProcess.js:97:917)
	at u (/usr/share/code/resources/app/out/vs/workbench/node/extensionHostProcess.js:159:721)
	at Socket.<anonymous> (/usr/share/code/resources/app/out/vs/workbench/node/extensionHostProcess.js:159:898)
	at emitOne (events.js:96:13)
	at Socket.emit (events.js:191:7)
	at readableAddChunk (_stream_readable.js:178:18)
	at Socket.Readable.push (_stream_readable.js:136:10)
	at Pipe.onread (net.js:560:20)
[2018-08-07 18:42:37.507] [renderer1] [error] Cannot read property 'lineNumber' of null: TypeError: Cannot read property 'lineNumber' of null
	at Object.e.to (/usr/share/code/resources/app/out/vs/workbench/node/extensionHostProcess.js:663:450)
	at e.provideHover (/usr/share/code/resources/app/out/vs/workbench/node/extensionHostProcess.js:720:284)
	at /usr/share/code/resources/app/out/vs/workbench/node/extensionHostProcess.js:734:302
	at e._withAdapter (/usr/share/code/resources/app/out/vs/workbench/node/extensionHostProcess.js:731:534)
	at e.$provideHover (/usr/share/code/resources/app/out/vs/workbench/node/extensionHostProcess.js:734:264)
	at e._doInvokeHandler (/usr/share/code/resources/app/out/vs/workbench/node/extensionHostProcess.js:658:87)
	at e._invokeHandler (/usr/share/code/resources/app/out/vs/workbench/node/extensionHostProcess.js:657:779)
	at e._receiveRequest (/usr/share/code/resources/app/out/vs/workbench/node/extensionHostProcess.js:656:851)
	at e._receiveOneMessage (/usr/share/code/resources/app/out/vs/workbench/node/extensionHostProcess.js:656:620)
	at /usr/share/code/resources/app/out/vs/workbench/node/extensionHostProcess.js:655:544
	at /usr/share/code/resources/app/out/vs/workbench/node/extensionHostProcess.js:658:673
	at /usr/share/code/resources/app/out/vs/workbench/node/extensionHostProcess.js:96:599
	at e.fire (/usr/share/code/resources/app/out/vs/workbench/node/extensionHostProcess.js:97:917)
	at u (/usr/share/code/resources/app/out/vs/workbench/node/extensionHostProcess.js:159:721)
	at Socket.<anonymous> (/usr/share/code/resources/app/out/vs/workbench/node/extensionHostProcess.js:159:898)
	at emitOne (events.js:96:13)
	at Socket.emit (events.js:191:7)
	at readableAddChunk (_stream_readable.js:178:18)
	at Socket.Readable.push (_stream_readable.js:136:10)
	at Pipe.onread (net.js:560:20)
[2018-08-07 18:42:38.700] [renderer1] [error] Cannot read property 'lineNumber' of null: TypeError: Cannot read property 'lineNumber' of null
	at Object.e.to (/usr/share/code/resources/app/out/vs/workbench/node/extensionHostProcess.js:663:450)
	at e.provideHover (/usr/share/code/resources/app/out/vs/workbench/node/extensionHostProcess.js:720:284)
	at /usr/share/code/resources/app/out/vs/workbench/node/extensionHostProcess.js:734:302
	at e._withAdapter (/usr/share/code/resources/app/out/vs/workbench/node/extensionHostProcess.js:731:534)
	at e.$provideHover (/usr/share/code/resources/app/out/vs/workbench/node/extensionHostProcess.js:734:264)
	at e._doInvokeHandler (/usr/share/code/resources/app/out/vs/workbench/node/extensionHostProcess.js:658:87)
	at e._invokeHandler (/usr/share/code/resources/app/out/vs/workbench/node/extensionHostProcess.js:657:779)
	at e._receiveRequest (/usr/share/code/resources/app/out/vs/workbench/node/extensionHostProcess.js:656:851)
	at e._receiveOneMessage (/usr/share/code/resources/app/out/vs/workbench/node/extensionHostProcess.js:656:620)
	at /usr/share/code/resources/app/out/vs/workbench/node/extensionHostProcess.js:655:544
	at /usr/share/code/resources/app/out/vs/workbench/node/extensionHostProcess.js:658:673
	at /usr/share/code/resources/app/out/vs/workbench/node/extensionHostProcess.js:96:599
	at e.fire (/usr/share/code/resources/app/out/vs/workbench/node/extensionHostProcess.js:97:917)
	at u (/usr/share/code/resources/app/out/vs/workbench/node/extensionHostProcess.js:159:721)
	at Socket.<anonymous> (/usr/share/code/resources/app/out/vs/workbench/node/extensionHostProcess.js:159:898)
	at emitOne (events.js:96:13)
	at Socket.emit (events.js:191:7)
	at readableAddChunk (_stream_readable.js:178:18)
	at Socket.Readable.push (_stream_readable.js:136:10)
	at Pipe.onread (net.js:560:20)
[2018-08-07 18:42:40.448] [renderer1] [error] Cannot read property 'lineNumber' of null: TypeError: Cannot read property 'lineNumber' of null
	at Object.e.to (/usr/share/code/resources/app/out/vs/workbench/node/extensionHostProcess.js:663:450)
	at e.provideHover (/usr/share/code/resources/app/out/vs/workbench/node/extensionHostProcess.js:720:284)
	at /usr/share/code/resources/app/out/vs/workbench/node/extensionHostProcess.js:734:302
	at e._withAdapter (/usr/share/code/resources/app/out/vs/workbench/node/extensionHostProcess.js:731:534)
	at e.$provideHover (/usr/share/code/resources/app/out/vs/workbench/node/extensionHostProcess.js:734:264)
	at e._doInvokeHandler (/usr/share/code/resources/app/out/vs/workbench/node/extensionHostProcess.js:658:87)
	at e._invokeHandler (/usr/share/code/resources/app/out/vs/workbench/node/extensionHostProcess.js:657:779)
	at e._receiveRequest (/usr/share/code/resources/app/out/vs/workbench/node/extensionHostProcess.js:656:851)
	at e._receiveOneMessage (/usr/share/code/resources/app/out/vs/workbench/node/extensionHostProcess.js:656:620)
	at /usr/share/code/resources/app/out/vs/workbench/node/extensionHostProcess.js:655:544
	at /usr/share/code/resources/app/out/vs/workbench/node/extensionHostProcess.js:658:673
	at /usr/share/code/resources/app/out/vs/workbench/node/extensionHostProcess.js:96:599
	at e.fire (/usr/share/code/resources/app/out/vs/workbench/node/extensionHostProcess.js:97:917)
	at u (/usr/share/code/resources/app/out/vs/workbench/node/extensionHostProcess.js:159:721)
	at Socket.<anonymous> (/usr/share/code/resources/app/out/vs/workbench/node/extensionHostProcess.js:159:898)
	at emitOne (events.js:96:13)
	at Socket.emit (events.js:191:7)
	at readableAddChunk (_stream_readable.js:178:18)
	at Socket.Readable.push (_stream_readable.js:136:10)
	at Pipe.onread (net.js:560:20)
[2018-08-07 18:42:41.702] [renderer1] [error] Cannot read property 'lineNumber' of null: TypeError: Cannot read property 'lineNumber' of null
	at Object.e.to (/usr/share/code/resources/app/out/vs/workbench/node/extensionHostProcess.js:663:450)
	at e.provideHover (/usr/share/code/resources/app/out/vs/workbench/node/extensionHostProcess.js:720:284)
	at /usr/share/code/resources/app/out/vs/workbench/node/extensionHostProcess.js:734:302
	at e._withAdapter (/usr/share/code/resources/app/out/vs/workbench/node/extensionHostProcess.js:731:534)
	at e.$provideHover (/usr/share/code/resources/app/out/vs/workbench/node/extensionHostProcess.js:734:264)
	at e._doInvokeHandler (/usr/share/code/resources/app/out/vs/workbench/node/extensionHostProcess.js:658:87)
	at e._invokeHandler (/usr/share/code/resources/app/out/vs/workbench/node/extensionHostProcess.js:657:779)
	at e._receiveRequest (/usr/share/code/resources/app/out/vs/workbench/node/extensionHostProcess.js:656:851)
	at e._receiveOneMessage (/usr/share/code/resources/app/out/vs/workbench/node/extensionHostProcess.js:656:620)
	at /usr/share/code/resources/app/out/vs/workbench/node/extensionHostProcess.js:655:544
	at /usr/share/code/resources/app/out/vs/workbench/node/extensionHostProcess.js:658:673
	at /usr/share/code/resources/app/out/vs/workbench/node/extensionHostProcess.js:96:599
	at e.fire (/usr/share/code/resources/app/out/vs/workbench/node/extensionHostProcess.js:97:917)
	at u (/usr/share/code/resources/app/out/vs/workbench/node/extensionHostProcess.js:159:721)
	at Socket.<anonymous> (/usr/share/code/resources/app/out/vs/workbench/node/extensionHostProcess.js:159:898)
	at emitOne (events.js:96:13)
	at Socket.emit (events.js:191:7)
	at readableAddChunk (_stream_readable.js:178:18)
	at Socket.Readable.push (_stream_readable.js:136:10)
	at Pipe.onread (net.js:560:20)
[2018-08-07 18:42:43.271] [renderer1] [error] Cannot read property 'lineNumber' of null: TypeError: Cannot read property 'lineNumber' of null
	at Object.e.to (/usr/share/code/resources/app/out/vs/workbench/node/extensionHostProcess.js:663:450)
	at e.provideHover (/usr/share/code/resources/app/out/vs/workbench/node/extensionHostProcess.js:720:284)
	at /usr/share/code/resources/app/out/vs/workbench/node/extensionHostProcess.js:734:302
	at e._withAdapter (/usr/share/code/resources/app/out/vs/workbench/node/extensionHostProcess.js:731:534)
	at e.$provideHover (/usr/share/code/resources/app/out/vs/workbench/node/extensionHostProcess.js:734:264)
	at e._doInvokeHandler (/usr/share/code/resources/app/out/vs/workbench/node/extensionHostProcess.js:658:87)
	at e._invokeHandler (/usr/share/code/resources/app/out/vs/workbench/node/extensionHostProcess.js:657:779)
	at e._receiveRequest (/usr/share/code/resources/app/out/vs/workbench/node/extensionHostProcess.js:656:851)
	at e._receiveOneMessage (/usr/share/code/resources/app/out/vs/workbench/node/extensionHostProcess.js:656:620)
	at /usr/share/code/resources/app/out/vs/workbench/node/extensionHostProcess.js:655:544
	at /usr/share/code/resources/app/out/vs/workbench/node/extensionHostProcess.js:658:673
	at /usr/share/code/resources/app/out/vs/workbench/node/extensionHostProcess.js:96:599
	at e.fire (/usr/share/code/resources/app/out/vs/workbench/node/extensionHostProcess.js:97:917)
	at u (/usr/share/code/resources/app/out/vs/workbench/node/extensionHostProcess.js:159:721)
	at Socket.<anonymous> (/usr/share/code/resources/app/out/vs/workbench/node/extensionHostProcess.js:159:898)
	at emitOne (events.js:96:13)
	at Socket.emit (events.js:191:7)
	at readableAddChunk (_stream_readable.js:178:18)
	at Socket.Readable.push (_stream_readable.js:136:10)
	at Pipe.onread (net.js:560:20)
[2018-08-07 18:42:45.256] [renderer1] [error] Cannot read property 'lineNumber' of null: TypeError: Cannot read property 'lineNumber' of null
	at Object.e.to (/usr/share/code/resources/app/out/vs/workbench/node/extensionHostProcess.js:663:450)
	at e.provideHover (/usr/share/code/resources/app/out/vs/workbench/node/extensionHostProcess.js:720:284)
	at /usr/share/code/resources/app/out/vs/workbench/node/extensionHostProcess.js:734:302
	at e._withAdapter (/usr/share/code/resources/app/out/vs/workbench/node/extensionHostProcess.js:731:534)
	at e.$provideHover (/usr/share/code/resources/app/out/vs/workbench/node/extensionHostProcess.js:734:264)
	at e._doInvokeHandler (/usr/share/code/resources/app/out/vs/workbench/node/extensionHostProcess.js:658:87)
	at e._invokeHandler (/usr/share/code/resources/app/out/vs/workbench/node/extensionHostProcess.js:657:779)
	at e._receiveRequest (/usr/share/code/resources/app/out/vs/workbench/node/extensionHostProcess.js:656:851)
	at e._receiveOneMessage (/usr/share/code/resources/app/out/vs/workbench/node/extensionHostProcess.js:656:620)
	at /usr/share/code/resources/app/out/vs/workbench/node/extensionHostProcess.js:655:544
	at /usr/share/code/resources/app/out/vs/workbench/node/extensionHostProcess.js:658:673
	at /usr/share/code/resources/app/out/vs/workbench/node/extensionHostProcess.js:96:599
	at e.fire (/usr/share/code/resources/app/out/vs/workbench/node/extensionHostProcess.js:97:917)
	at u (/usr/share/code/resources/app/out/vs/workbench/node/extensionHostProcess.js:159:721)
	at Socket.<anonymous> (/usr/share/code/resources/app/out/vs/workbench/node/extensionHostProcess.js:159:898)
	at emitOne (events.js:96:13)
	at Socket.emit (events.js:191:7)
	at readableAddChunk (_stream_readable.js:178:18)
	at Socket.Readable.push (_stream_readable.js:136:10)
	at Pipe.onread (net.js:560:20)
[2018-08-07 19:21:27.572] [renderer1] [error] Cannot read property 'lineNumber' of null: TypeError: Cannot read property 'lineNumber' of null
	at Object.e.to (/usr/share/code/resources/app/out/vs/workbench/node/extensionHostProcess.js:663:450)
	at e.provideHover (/usr/share/code/resources/app/out/vs/workbench/node/extensionHostProcess.js:720:284)
	at /usr/share/code/resources/app/out/vs/workbench/node/extensionHostProcess.js:734:302
	at e._withAdapter (/usr/share/code/resources/app/out/vs/workbench/node/extensionHostProcess.js:731:534)
	at e.$provideHover (/usr/share/code/resources/app/out/vs/workbench/node/extensionHostProcess.js:734:264)
	at e._doInvokeHandler (/usr/share/code/resources/app/out/vs/workbench/node/extensionHostProcess.js:658:87)
	at e._invokeHandler (/usr/share/code/resources/app/out/vs/workbench/node/extensionHostProcess.js:657:779)
	at e._receiveRequest (/usr/share/code/resources/app/out/vs/workbench/node/extensionHostProcess.js:656:851)
	at e._receiveOneMessage (/usr/share/code/resources/app/out/vs/workbench/node/extensionHostProcess.js:656:620)
	at /usr/share/code/resources/app/out/vs/workbench/node/extensionHostProcess.js:655:544
	at /usr/share/code/resources/app/out/vs/workbench/node/extensionHostProcess.js:658:673
	at /usr/share/code/resources/app/out/vs/workbench/node/extensionHostProcess.js:96:599
	at e.fire (/usr/share/code/resources/app/out/vs/workbench/node/extensionHostProcess.js:97:917)
	at u (/usr/share/code/resources/app/out/vs/workbench/node/extensionHostProcess.js:159:721)
	at Socket.<anonymous> (/usr/share/code/resources/app/out/vs/workbench/node/extensionHostProcess.js:159:898)
	at emitOne (events.js:96:13)
	at Socket.emit (events.js:191:7)
	at readableAddChunk (_stream_readable.js:178:18)
	at Socket.Readable.push (_stream_readable.js:136:10)
	at Pipe.onread (net.js:560:20)
[2018-08-07 19:21:46.291] [renderer1] [error] Cannot read property 'lineNumber' of null: TypeError: Cannot read property 'lineNumber' of null
	at Object.e.to (/usr/share/code/resources/app/out/vs/workbench/node/extensionHostProcess.js:663:450)
	at e.provideHover (/usr/share/code/resources/app/out/vs/workbench/node/extensionHostProcess.js:720:284)
	at /usr/share/code/resources/app/out/vs/workbench/node/extensionHostProcess.js:734:302
	at e._withAdapter (/usr/share/code/resources/app/out/vs/workbench/node/extensionHostProcess.js:731:534)
	at e.$provideHover (/usr/share/code/resources/app/out/vs/workbench/node/extensionHostProcess.js:734:264)
	at e._doInvokeHandler (/usr/share/code/resources/app/out/vs/workbench/node/extensionHostProcess.js:658:87)
	at e._invokeHandler (/usr/share/code/resources/app/out/vs/workbench/node/extensionHostProcess.js:657:779)
	at e._receiveRequest (/usr/share/code/resources/app/out/vs/workbench/node/extensionHostProcess.js:656:851)
	at e._receiveOneMessage (/usr/share/code/resources/app/out/vs/workbench/node/extensionHostProcess.js:656:620)
	at /usr/share/code/resources/app/out/vs/workbench/node/extensionHostProcess.js:655:544
	at /usr/share/code/resources/app/out/vs/workbench/node/extensionHostProcess.js:658:673
	at /usr/share/code/resources/app/out/vs/workbench/node/extensionHostProcess.js:96:599
	at e.fire (/usr/share/code/resources/app/out/vs/workbench/node/extensionHostProcess.js:97:917)
	at u (/usr/share/code/resources/app/out/vs/workbench/node/extensionHostProcess.js:159:721)
	at Socket.<anonymous> (/usr/share/code/resources/app/out/vs/workbench/node/extensionHostProcess.js:159:898)
	at emitOne (events.js:96:13)
	at Socket.emit (events.js:191:7)
	at readableAddChunk (_stream_readable.js:178:18)
	at Socket.Readable.push (_stream_readable.js:136:10)
	at Pipe.onread (net.js:560:20)
[2018-08-07 19:22:15.282] [renderer1] [error] Cannot read property 'lineNumber' of null: TypeError: Cannot read property 'lineNumber' of null
	at Object.e.to (/usr/share/code/resources/app/out/vs/workbench/node/extensionHostProcess.js:663:450)
	at e.provideHover (/usr/share/code/resources/app/out/vs/workbench/node/extensionHostProcess.js:720:284)
	at /usr/share/code/resources/app/out/vs/workbench/node/extensionHostProcess.js:734:302
	at e._withAdapter (/usr/share/code/resources/app/out/vs/workbench/node/extensionHostProcess.js:731:534)
	at e.$provideHover (/usr/share/code/resources/app/out/vs/workbench/node/extensionHostProcess.js:734:264)
	at e._doInvokeHandler (/usr/share/code/resources/app/out/vs/workbench/node/extensionHostProcess.js:658:87)
	at e._invokeHandler (/usr/share/code/resources/app/out/vs/workbench/node/extensionHostProcess.js:657:779)
	at e._receiveRequest (/usr/share/code/resources/app/out/vs/workbench/node/extensionHostProcess.js:656:851)
	at e._receiveOneMessage (/usr/share/code/resources/app/out/vs/workbench/node/extensionHostProcess.js:656:620)
	at /usr/share/code/resources/app/out/vs/workbench/node/extensionHostProcess.js:655:544
	at /usr/share/code/resources/app/out/vs/workbench/node/extensionHostProcess.js:658:673
	at /usr/share/code/resources/app/out/vs/workbench/node/extensionHostProcess.js:96:599
	at e.fire (/usr/share/code/resources/app/out/vs/workbench/node/extensionHostProcess.js:97:917)
	at u (/usr/share/code/resources/app/out/vs/workbench/node/extensionHostProcess.js:159:721)
	at Socket.<anonymous> (/usr/share/code/resources/app/out/vs/workbench/node/extensionHostProcess.js:159:898)
	at emitOne (events.js:96:13)
	at Socket.emit (events.js:191:7)
	at readableAddChunk (_stream_readable.js:178:18)
	at Socket.Readable.push (_stream_readable.js:136:10)
	at Pipe.onread (net.js:560:20)
[2018-08-07 19:22:29.702] [renderer1] [error] Cannot read property 'lineNumber' of null: TypeError: Cannot read property 'lineNumber' of null
	at Object.e.to (/usr/share/code/resources/app/out/vs/workbench/node/extensionHostProcess.js:663:450)
	at e.provideHover (/usr/share/code/resources/app/out/vs/workbench/node/extensionHostProcess.js:720:284)
	at /usr/share/code/resources/app/out/vs/workbench/node/extensionHostProcess.js:734:302
	at e._withAdapter (/usr/share/code/resources/app/out/vs/workbench/node/extensionHostProcess.js:731:534)
	at e.$provideHover (/usr/share/code/resources/app/out/vs/workbench/node/extensionHostProcess.js:734:264)
	at e._doInvokeHandler (/usr/share/code/resources/app/out/vs/workbench/node/extensionHostProcess.js:658:87)
	at e._invokeHandler (/usr/share/code/resources/app/out/vs/workbench/node/extensionHostProcess.js:657:779)
	at e._receiveRequest (/usr/share/code/resources/app/out/vs/workbench/node/extensionHostProcess.js:656:851)
	at e._receiveOneMessage (/usr/share/code/resources/app/out/vs/workbench/node/extensionHostProcess.js:656:620)
	at /usr/share/code/resources/app/out/vs/workbench/node/extensionHostProcess.js:655:544
	at /usr/share/code/resources/app/out/vs/workbench/node/extensionHostProcess.js:658:673
	at /usr/share/code/resources/app/out/vs/workbench/node/extensionHostProcess.js:96:599
	at e.fire (/usr/share/code/resources/app/out/vs/workbench/node/extensionHostProcess.js:97:917)
	at u (/usr/share/code/resources/app/out/vs/workbench/node/extensionHostProcess.js:159:721)
	at Socket.<anonymous> (/usr/share/code/resources/app/out/vs/workbench/node/extensionHostProcess.js:159:898)
	at emitOne (events.js:96:13)
	at Socket.emit (events.js:191:7)
	at readableAddChunk (_stream_readable.js:178:18)
	at Socket.Readable.push (_stream_readable.js:136:10)
	at Pipe.onread (net.js:560:20)
[2018-08-07 19:22:33.547] [renderer1] [error] Cannot read property 'lineNumber' of null: TypeError: Cannot read property 'lineNumber' of null
	at Object.e.to (/usr/share/code/resources/app/out/vs/workbench/node/extensionHostProcess.js:663:450)
	at e.provideHover (/usr/share/code/resources/app/out/vs/workbench/node/extensionHostProcess.js:720:284)
	at /usr/share/code/resources/app/out/vs/workbench/node/extensionHostProcess.js:734:302
	at e._withAdapter (/usr/share/code/resources/app/out/vs/workbench/node/extensionHostProcess.js:731:534)
	at e.$provideHover (/usr/share/code/resources/app/out/vs/workbench/node/extensionHostProcess.js:734:264)
	at e._doInvokeHandler (/usr/share/code/resources/app/out/vs/workbench/node/extensionHostProcess.js:658:87)
	at e._invokeHandler (/usr/share/code/resources/app/out/vs/workbench/node/extensionHostProcess.js:657:779)
	at e._receiveRequest (/usr/share/code/resources/app/out/vs/workbench/node/extensionHostProcess.js:656:851)
	at e._receiveOneMessage (/usr/share/code/resources/app/out/vs/workbench/node/extensionHostProcess.js:656:620)
	at /usr/share/code/resources/app/out/vs/workbench/node/extensionHostProcess.js:655:544
	at /usr/share/code/resources/app/out/vs/workbench/node/extensionHostProcess.js:658:673
	at /usr/share/code/resources/app/out/vs/workbench/node/extensionHostProcess.js:96:599
	at e.fire (/usr/share/code/resources/app/out/vs/workbench/node/extensionHostProcess.js:97:917)
	at u (/usr/share/code/resources/app/out/vs/workbench/node/extensionHostProcess.js:159:721)
	at Socket.<anonymous> (/usr/share/code/resources/app/out/vs/workbench/node/extensionHostProcess.js:159:898)
	at emitOne (events.js:96:13)
	at Socket.emit (events.js:191:7)
	at readableAddChunk (_stream_readable.js:178:18)
	at Socket.Readable.push (_stream_readable.js:136:10)
	at Pipe.onread (net.js:560:20)
[2018-08-07 19:22:41.577] [renderer1] [error] Cannot read property 'lineNumber' of null: TypeError: Cannot read property 'lineNumber' of null
	at Object.e.to (/usr/share/code/resources/app/out/vs/workbench/node/extensionHostProcess.js:663:450)
	at e.provideHover (/usr/share/code/resources/app/out/vs/workbench/node/extensionHostProcess.js:720:284)
	at /usr/share/code/resources/app/out/vs/workbench/node/extensionHostProcess.js:734:302
	at e._withAdapter (/usr/share/code/resources/app/out/vs/workbench/node/extensionHostProcess.js:731:534)
	at e.$provideHover (/usr/share/code/resources/app/out/vs/workbench/node/extensionHostProcess.js:734:264)
	at e._doInvokeHandler (/usr/share/code/resources/app/out/vs/workbench/node/extensionHostProcess.js:658:87)
	at e._invokeHandler (/usr/share/code/resources/app/out/vs/workbench/node/extensionHostProcess.js:657:779)
	at e._receiveRequest (/usr/share/code/resources/app/out/vs/workbench/node/extensionHostProcess.js:656:851)
	at e._receiveOneMessage (/usr/share/code/resources/app/out/vs/workbench/node/extensionHostProcess.js:656:620)
	at /usr/share/code/resources/app/out/vs/workbench/node/extensionHostProcess.js:655:544
	at /usr/share/code/resources/app/out/vs/workbench/node/extensionHostProcess.js:658:673
	at /usr/share/code/resources/app/out/vs/workbench/node/extensionHostProcess.js:96:599
	at e.fire (/usr/share/code/resources/app/out/vs/workbench/node/extensionHostProcess.js:97:917)
	at u (/usr/share/code/resources/app/out/vs/workbench/node/extensionHostProcess.js:159:721)
	at Socket.<anonymous> (/usr/share/code/resources/app/out/vs/workbench/node/extensionHostProcess.js:159:898)
	at emitOne (events.js:96:13)
	at Socket.emit (events.js:191:7)
	at readableAddChunk (_stream_readable.js:178:18)
	at Socket.Readable.push (_stream_readable.js:136:10)
	at Pipe.onread (net.js:560:20)
