[2018-09-18 09:44:03.835] [renderer1] [info] no standard startup: panel is active
[2018-09-18 09:44:04.700] [renderer1] [info] No grammar found for scope source.smarty
[2018-09-18 09:55:41.762] [renderer1] [info] No grammar found for scope text.html.javadoc
[2018-09-18 11:41:47.987] [renderer1] [error] Error processing request. No Project.
Error: No Project.
    at Object.ThrowNoProject (/usr/share/code/resources/app/extensions/node_modules/typescript/lib/tsserver.js:92289:23)
    at IOSession.Session.getFileAndLanguageServiceForSyntacticOperation (/usr/share/code/resources/app/extensions/node_modules/typescript/lib/tsserver.js:96925:42)
    at IOSession.Session.getNavigationTree (/usr/share/code/resources/app/extensions/node_modules/typescript/lib/tsserver.js:97268:31)
    at Session.handlers.ts.createMapFromTemplate._a.(anonymous function) (/usr/share/code/resources/app/extensions/node_modules/typescript/lib/tsserver.js:96224:61)
    at /usr/share/code/resources/app/extensions/node_modules/typescript/lib/tsserver.js:97580:88
    at IOSession.Session.executeWithRequestId (/usr/share/code/resources/app/extensions/node_modules/typescript/lib/tsserver.js:97571:28)
    at IOSession.Session.executeCommand (/usr/share/code/resources/app/extensions/node_modules/typescript/lib/tsserver.js:97580:33)
    at IOSession.Session.onMessage (/usr/share/code/resources/app/extensions/node_modules/typescript/lib/tsserver.js:97600:35)
    at Interface.<anonymous> (/usr/share/code/resources/app/extensions/node_modules/typescript/lib/tsserver.js:98831:27)
    at emitOne (events.js:96:13)
    at Interface.emit (events.js:191:7)
    at Interface._onLine (readline.js:241:10)
    at Interface._normalWrite (readline.js:384:12)
    at Socket.ondata (readline.js:101:10)
    at emitOne (events.js:96:13)
    at Socket.emit (events.js:191:7)
    at readableAddChunk (_stream_readable.js:178:18)
    at Socket.Readable.push (_stream_readable.js:136:10)
    at Pipe.onread (net.js:560:20)
[2018-09-18 11:56:20.850] [renderer1] [error] Cannot read property 'lineNumber' of null: TypeError: Cannot read property 'lineNumber' of null
	at Object.e.to (/usr/share/code/resources/app/out/vs/workbench/node/extensionHostProcess.js:663:450)
	at e.provideHover (/usr/share/code/resources/app/out/vs/workbench/node/extensionHostProcess.js:720:284)
	at /usr/share/code/resources/app/out/vs/workbench/node/extensionHostProcess.js:734:302
	at e._withAdapter (/usr/share/code/resources/app/out/vs/workbench/node/extensionHostProcess.js:731:534)
	at e.$provideHover (/usr/share/code/resources/app/out/vs/workbench/node/extensionHostProcess.js:734:264)
	at e._doInvokeHandler (/usr/share/code/resources/app/out/vs/workbench/node/extensionHostProcess.js:658:87)
	at e._invokeHandler (/usr/share/code/resources/app/out/vs/workbench/node/extensionHostProcess.js:657:779)
	at e._receiveRequest (/usr/share/code/resources/app/out/vs/workbench/node/extensionHostProcess.js:656:851)
	at e._receiveOneMessage (/usr/share/code/resources/app/out/vs/workbench/node/extensionHostProcess.js:656:620)
	at /usr/share/code/resources/app/out/vs/workbench/node/extensionHostProcess.js:655:544
	at /usr/share/code/resources/app/out/vs/workbench/node/extensionHostProcess.js:658:673
	at /usr/share/code/resources/app/out/vs/workbench/node/extensionHostProcess.js:96:599
	at e.fire (/usr/share/code/resources/app/out/vs/workbench/node/extensionHostProcess.js:97:917)
	at u (/usr/share/code/resources/app/out/vs/workbench/node/extensionHostProcess.js:159:721)
	at Socket.<anonymous> (/usr/share/code/resources/app/out/vs/workbench/node/extensionHostProcess.js:159:898)
	at emitOne (events.js:96:13)
	at Socket.emit (events.js:191:7)
	at readableAddChunk (_stream_readable.js:178:18)
	at Socket.Readable.push (_stream_readable.js:136:10)
	at Pipe.onread (net.js:560:20)
[2018-09-18 11:56:22.417] [renderer1] [error] Cannot read property 'lineNumber' of null: TypeError: Cannot read property 'lineNumber' of null
	at Object.e.to (/usr/share/code/resources/app/out/vs/workbench/node/extensionHostProcess.js:663:450)
	at e.provideHover (/usr/share/code/resources/app/out/vs/workbench/node/extensionHostProcess.js:720:284)
	at /usr/share/code/resources/app/out/vs/workbench/node/extensionHostProcess.js:734:302
	at e._withAdapter (/usr/share/code/resources/app/out/vs/workbench/node/extensionHostProcess.js:731:534)
	at e.$provideHover (/usr/share/code/resources/app/out/vs/workbench/node/extensionHostProcess.js:734:264)
	at e._doInvokeHandler (/usr/share/code/resources/app/out/vs/workbench/node/extensionHostProcess.js:658:87)
	at e._invokeHandler (/usr/share/code/resources/app/out/vs/workbench/node/extensionHostProcess.js:657:779)
	at e._receiveRequest (/usr/share/code/resources/app/out/vs/workbench/node/extensionHostProcess.js:656:851)
	at e._receiveOneMessage (/usr/share/code/resources/app/out/vs/workbench/node/extensionHostProcess.js:656:620)
	at /usr/share/code/resources/app/out/vs/workbench/node/extensionHostProcess.js:655:544
	at /usr/share/code/resources/app/out/vs/workbench/node/extensionHostProcess.js:658:673
	at /usr/share/code/resources/app/out/vs/workbench/node/extensionHostProcess.js:96:599
	at e.fire (/usr/share/code/resources/app/out/vs/workbench/node/extensionHostProcess.js:97:917)
	at u (/usr/share/code/resources/app/out/vs/workbench/node/extensionHostProcess.js:159:721)
	at Socket.<anonymous> (/usr/share/code/resources/app/out/vs/workbench/node/extensionHostProcess.js:159:898)
	at emitOne (events.js:96:13)
	at Socket.emit (events.js:191:7)
	at readableAddChunk (_stream_readable.js:178:18)
	at Socket.Readable.push (_stream_readable.js:136:10)
	at Pipe.onread (net.js:560:20)
[2018-09-18 11:56:24.480] [renderer1] [error] Cannot read property 'lineNumber' of null: TypeError: Cannot read property 'lineNumber' of null
	at Object.e.to (/usr/share/code/resources/app/out/vs/workbench/node/extensionHostProcess.js:663:450)
	at e.provideHover (/usr/share/code/resources/app/out/vs/workbench/node/extensionHostProcess.js:720:284)
	at /usr/share/code/resources/app/out/vs/workbench/node/extensionHostProcess.js:734:302
	at e._withAdapter (/usr/share/code/resources/app/out/vs/workbench/node/extensionHostProcess.js:731:534)
	at e.$provideHover (/usr/share/code/resources/app/out/vs/workbench/node/extensionHostProcess.js:734:264)
	at e._doInvokeHandler (/usr/share/code/resources/app/out/vs/workbench/node/extensionHostProcess.js:658:87)
	at e._invokeHandler (/usr/share/code/resources/app/out/vs/workbench/node/extensionHostProcess.js:657:779)
	at e._receiveRequest (/usr/share/code/resources/app/out/vs/workbench/node/extensionHostProcess.js:656:851)
	at e._receiveOneMessage (/usr/share/code/resources/app/out/vs/workbench/node/extensionHostProcess.js:656:620)
	at /usr/share/code/resources/app/out/vs/workbench/node/extensionHostProcess.js:655:544
	at /usr/share/code/resources/app/out/vs/workbench/node/extensionHostProcess.js:658:673
	at /usr/share/code/resources/app/out/vs/workbench/node/extensionHostProcess.js:96:599
	at e.fire (/usr/share/code/resources/app/out/vs/workbench/node/extensionHostProcess.js:97:917)
	at u (/usr/share/code/resources/app/out/vs/workbench/node/extensionHostProcess.js:159:721)
	at Socket.<anonymous> (/usr/share/code/resources/app/out/vs/workbench/node/extensionHostProcess.js:159:898)
	at emitOne (events.js:96:13)
	at Socket.emit (events.js:191:7)
	at readableAddChunk (_stream_readable.js:178:18)
	at Socket.Readable.push (_stream_readable.js:136:10)
	at Pipe.onread (net.js:560:20)
[2018-09-18 12:42:38.917] [renderer1] [error] Cannot read property 'lineNumber' of null: TypeError: Cannot read property 'lineNumber' of null
	at Object.e.to (/usr/share/code/resources/app/out/vs/workbench/node/extensionHostProcess.js:663:450)
	at e.provideHover (/usr/share/code/resources/app/out/vs/workbench/node/extensionHostProcess.js:720:284)
	at /usr/share/code/resources/app/out/vs/workbench/node/extensionHostProcess.js:734:302
	at e._withAdapter (/usr/share/code/resources/app/out/vs/workbench/node/extensionHostProcess.js:731:534)
	at e.$provideHover (/usr/share/code/resources/app/out/vs/workbench/node/extensionHostProcess.js:734:264)
	at e._doInvokeHandler (/usr/share/code/resources/app/out/vs/workbench/node/extensionHostProcess.js:658:87)
	at e._invokeHandler (/usr/share/code/resources/app/out/vs/workbench/node/extensionHostProcess.js:657:779)
	at e._receiveRequest (/usr/share/code/resources/app/out/vs/workbench/node/extensionHostProcess.js:656:851)
	at e._receiveOneMessage (/usr/share/code/resources/app/out/vs/workbench/node/extensionHostProcess.js:656:620)
	at /usr/share/code/resources/app/out/vs/workbench/node/extensionHostProcess.js:655:544
	at /usr/share/code/resources/app/out/vs/workbench/node/extensionHostProcess.js:658:673
	at /usr/share/code/resources/app/out/vs/workbench/node/extensionHostProcess.js:96:599
	at e.fire (/usr/share/code/resources/app/out/vs/workbench/node/extensionHostProcess.js:97:917)
	at u (/usr/share/code/resources/app/out/vs/workbench/node/extensionHostProcess.js:159:721)
	at Socket.<anonymous> (/usr/share/code/resources/app/out/vs/workbench/node/extensionHostProcess.js:159:898)
	at emitOne (events.js:96:13)
	at Socket.emit (events.js:191:7)
	at readableAddChunk (_stream_readable.js:178:18)
	at Socket.Readable.push (_stream_readable.js:136:10)
	at Pipe.onread (net.js:560:20)
