[2018-08-11 09:25:20.357] [exthost1] [info] extension host started
[2018-08-11 09:25:20.380] [exthost1] [info] ExtensionService#_doActivateExtension vscode.emmet {"startup":true,"activationEvent":"*"}
[2018-08-11 09:25:20.380] [exthost1] [info] ExtensionService#loadCommonJSModule /usr/share/code/resources/app/extensions/emmet/out/extension
[2018-08-11 09:25:21.500] [exthost1] [info] ExtensionService#_doActivateExtension vscode.git {"startup":true,"activationEvent":"*"}
[2018-08-11 09:25:21.500] [exthost1] [info] ExtensionService#loadCommonJSModule /usr/share/code/resources/app/extensions/git/out/main
[2018-08-11 09:25:21.985] [exthost1] [info] ExtensionService#_doActivateExtension vscode.merge-conflict {"startup":true,"activationEvent":"*"}
[2018-08-11 09:25:21.985] [exthost1] [info] ExtensionService#loadCommonJSModule /usr/share/code/resources/app/extensions/merge-conflict/out/extension
[2018-08-11 09:25:22.015] [exthost1] [info] ExtensionService#_doActivateExtension vscode.search-rg {"startup":true,"activationEvent":"*"}
[2018-08-11 09:25:22.015] [exthost1] [info] ExtensionService#loadCommonJSModule /usr/share/code/resources/app/extensions/search-rg/out/extension
[2018-08-11 09:25:22.073] [exthost1] [info] eager extensions activated
[2018-08-11 09:25:22.078] [exthost1] [info] ExtensionService#_doActivateExtension vscode.php-language-features {"startup":false,"activationEvent":"onLanguage:php"}
[2018-08-11 09:25:22.078] [exthost1] [info] ExtensionService#loadCommonJSModule /usr/share/code/resources/app/extensions/php-language-features/out/phpMain
[2018-08-11 09:25:22.139] [exthost1] [info] ExtensionService#_doActivateExtension kokororin.vscode-phpfmt {"startup":false,"activationEvent":"onLanguage:php"}
[2018-08-11 09:25:22.139] [exthost1] [info] ExtensionService#loadCommonJSModule /home/bridgelabz/.vscode/extensions/kokororin.vscode-phpfmt-1.0.30/out/src/extension
[2018-08-11 09:42:14.705] [exthost1] [info] ExtensionService#_doActivateExtension vscode.configuration-editing {"startup":false,"activationEvent":"onLanguage:json"}
[2018-08-11 09:42:14.706] [exthost1] [info] ExtensionService#loadCommonJSModule /usr/share/code/resources/app/extensions/configuration-editing/out/extension
[2018-08-11 09:42:14.775] [exthost1] [info] ExtensionService#_doActivateExtension vscode.extension-editing {"startup":false,"activationEvent":"onLanguage:json"}
[2018-08-11 09:42:14.775] [exthost1] [info] ExtensionService#loadCommonJSModule /usr/share/code/resources/app/extensions/extension-editing/out/extension
[2018-08-11 09:42:14.829] [exthost1] [info] ExtensionService#_doActivateExtension vscode.json-language-features {"startup":false,"activationEvent":"onLanguage:json"}
[2018-08-11 09:42:14.829] [exthost1] [info] ExtensionService#loadCommonJSModule /usr/share/code/resources/app/extensions/json-language-features/client/out/jsonMain
[2018-08-11 09:42:15.050] [exthost1] [info] ExtensionService#_doActivateExtension vscode.npm {"startup":false,"activationEvent":"onLanguage:json"}
[2018-08-11 09:42:15.050] [exthost1] [info] ExtensionService#loadCommonJSModule /usr/share/code/resources/app/extensions/npm/out/main
