Looking for git in: git
Using git 1.9.1 from git
> git rev-parse --show-toplevel
> git config --get commit.template
Open repository: /var/www/html/codeigniter
> git status -z -u
> git show :ng6/src/app/login/login.component.ts
> git check-ignore -z --stdin
> git symbolic-ref --short HEAD
> git rev-parse master
> git rev-parse --symbolic-full-name master@{u}
fatal: No upstream configured for branch 'master'
> git for-each-ref --format %(refname) %(objectname) --sort -committerdate
> git remote --verbose
> git check-ignore -z --stdin
> git check-ignore -z --stdin
> git check-ignore -z --stdin
> git show :ng6/src/app/registration/registration.component.ts
> git check-ignore -z --stdin
> git show :application/controllers/Data.php
> git show :ng6/src/app/registration/registration.component.ts
> git status -z -u
> git symbolic-ref --short HEAD
> git rev-parse master
> git rev-parse --symbolic-full-name master@{u}
fatal: No upstream configured for branch 'master'
> git for-each-ref --format %(refname) %(objectname) --sort -committerdate
> git remote --verbose
> git show :application/controllers/Data.php
> git show :ng6/src/app/registration/registration.component.ts
> git show :application/controllers/Data.php
> git show :ng6/src/app/registration/registration.component.ts
> git show :application/controllers/Data.php
> git status -z -u
> git symbolic-ref --short HEAD
> git rev-parse master
> git rev-parse --symbolic-full-name master@{u}
fatal: No upstream configured for branch 'master'
> git for-each-ref --format %(refname) %(objectname) --sort -committerdate
> git remote --verbose
> git show :ng6/src/app/registration/registration.component.ts
> git check-ignore -z --stdin
> git show :application/views/Register.php
> git show :application/views/Login.php
> git show :application/views/Register.php
> git show :ng6/src/app/registration/registration.component.ts
> git check-ignore -z --stdin
> git show :application/controllers/Data.php
> git show :ng6/src/app/service/dataservice.service.ts
> git show :ng6/src/app/service/dataservice.service.spec.ts
> git show :ng6/src/app/service/dataservice.service.ts
> git show :ng6/src/app/registration/registration.component.html
> git show :ng6/src/app/service/dataservice.service.ts
> git check-ignore -z --stdin
> git show :application/config/config.php
> git show :application/.htaccess
> git show :.htaccess
> git show :application/.htaccess
> git show :ng6/src/app/service/dataservice.service.ts
> git show :ng6/src/app/login/login.component.ts
> git show :application/config/routes.php
> git show :application/controllers/Data.php
> git show :application/controllers/Manage_Accounts.php
> git check-ignore -z --stdin
> git status -z -u
> git symbolic-ref --short HEAD
> git rev-parse master
> git rev-parse --symbolic-full-name master@{u}
fatal: No upstream configured for branch 'master'
> git for-each-ref --format %(refname) %(objectname) --sort -committerdate
> git remote --verbose
> git status -z -u
> git symbolic-ref --short HEAD
> git rev-parse master
> git rev-parse --symbolic-full-name master@{u}
fatal: No upstream configured for branch 'master'
> git for-each-ref --format %(refname) %(objectname) --sort -committerdate
> git remote --verbose
> git show :application/config/routes.php
> git show :ng6/src/app/login/login.component.html
> git show :ng6/src/app/service/dataservice.service.ts
> git status -z -u
> git symbolic-ref --short HEAD
> git rev-parse master
> git rev-parse --symbolic-full-name master@{u}
fatal: No upstream configured for branch 'master'
> git for-each-ref --format %(refname) %(objectname) --sort -committerdate
> git remote --verbose
> git show :application/controllers/Manage_Accounts.php
> git show :ng6/src/app/registration/registration.component.ts
> git show :application/controllers/Manage_Accounts.php
> git show :ng6/src/app/service/dataservice.service.ts
> git status -z -u
> git symbolic-ref --short HEAD
> git rev-parse master
> git rev-parse --symbolic-full-name master@{u}
fatal: No upstream configured for branch 'master'
> git for-each-ref --format %(refname) %(objectname) --sort -committerdate
> git remote --verbose
> git show :ng6/src/app/login/login.component.html
> git show :ng6/src/app/login/login.component.ts
> git show :ng6/src/app/registration/registration.component.html
> git show :ng6/src/app/registration/registration.component.ts
> git show :ng6/src/app/service/dataservice.service.ts
> git show :ng6/src/app/registration/registration.component.ts
> git show :ng6/src/app/registration/registration.component.html
> git show :application/controllers/Manage_Accounts.php
> git status -z -u
> git symbolic-ref --short HEAD
> git rev-parse master
> git rev-parse --symbolic-full-name master@{u}
fatal: No upstream configured for branch 'master'
> git for-each-ref --format %(refname) %(objectname) --sort -committerdate
> git remote --verbose
> git status -z -u
> git symbolic-ref --short HEAD
> git rev-parse master
> git rev-parse --symbolic-full-name master@{u}
fatal: No upstream configured for branch 'master'
> git for-each-ref --format %(refname) %(objectname) --sort -committerdate
> git remote --verbose
> git status -z -u
> git symbolic-ref --short HEAD
> git rev-parse master
> git rev-parse --symbolic-full-name master@{u}
fatal: No upstream configured for branch 'master'
> git for-each-ref --format %(refname) %(objectname) --sort -committerdate
> git remote --verbose
> git status -z -u
> git symbolic-ref --short HEAD
> git rev-parse master
> git rev-parse --symbolic-full-name master@{u}
fatal: No upstream configured for branch 'master'
> git for-each-ref --format %(refname) %(objectname) --sort -committerdate
> git remote --verbose
> git status -z -u
> git symbolic-ref --short HEAD
> git rev-parse master
> git rev-parse --symbolic-full-name master@{u}
fatal: No upstream configured for branch 'master'
> git for-each-ref --format %(refname) %(objectname) --sort -committerdate
> git remote --verbose
> git show :ng6/src/app/service/dataservice.service.ts
> git show :ng6/src/app/login/login.component.spec.ts
> git show :ng6/src/app/login/login.component.ts
> git show :application/controllers/Manage_Accounts.php
> git show :ng6/src/app/registration/registration.component.ts
> git show :ng6/src/app/login/login.component.html
> git show :application/controllers/Manage_Accounts.php
> git show :ng6/src/app/service/dataservice.service.ts
> git show :application/controllers/Manage_Accounts.php
> git show :system/core/Loader.php
> git check-ignore -z --stdin
> git show :ng6/src/app/registration/registration.component.ts
> git show :application/controllers/Manage_Accounts.php
> git check-ignore -z --stdin
> git status -z -u
> git symbolic-ref --short HEAD
> git rev-parse master
> git rev-parse --symbolic-full-name master@{u}
fatal: No upstream configured for branch 'master'
> git for-each-ref --format %(refname) %(objectname) --sort -committerdate
> git remote --verbose
> git show :ng6/src/app/login/login.component.html
> git show :ng6/src/app/login/login.component.ts
> git status -z -u
> git symbolic-ref --short HEAD
> git rev-parse master
> git rev-parse --symbolic-full-name master@{u}
fatal: No upstream configured for branch 'master'
> git for-each-ref --format %(refname) %(objectname) --sort -committerdate
> git remote --verbose
> git show :ng6/src/app/registration/registration.component.ts
> git status -z -u
> git symbolic-ref --short HEAD
> git rev-parse master
> git rev-parse --symbolic-full-name master@{u}
fatal: No upstream configured for branch 'master'
> git for-each-ref --format %(refname) %(objectname) --sort -committerdate
> git remote --verbose
> git status -z -u
> git symbolic-ref --short HEAD
> git rev-parse master
> git rev-parse --symbolic-full-name master@{u}
fatal: No upstream configured for branch 'master'
> git for-each-ref --format %(refname) %(objectname) --sort -committerdate
> git remote --verbose
> git show :ng6/src/app/login/login.component.html
> git show :ng6/src/app/registration/registration.component.ts
> git show :application/controllers/Manage_Accounts.php
> git show :ng6/src/app/login/login.component.spec.ts
> git show :ng6/src/app/login/login.component.ts
> git show :ng6/src/app/login/login.component.html
> git show :application/controllers/Manage_Accounts.php
> git show :ng6/src/app/service/dataservice.service.ts
> git status -z -u
> git symbolic-ref --short HEAD
> git rev-parse master
> git rev-parse --symbolic-full-name master@{u}
fatal: No upstream configured for branch 'master'
> git for-each-ref --format %(refname) %(objectname) --sort -committerdate
> git remote --verbose
> git show :application/controllers/Manage_Accounts.php
> git show :ng6/src/app/registration/registration.component.ts
> git show :application/controllers/Manage_Accounts.php
> git show :ng6/src/app/service/dataservice.service.ts
> git show :application/controllers/Manage_Accounts.php
> git show :ng6/src/app/registration/registration.component.ts
> git show :ng6/src/app/service/dataservice.service.ts
> git status -z -u
> git symbolic-ref --short HEAD
> git rev-parse master
> git rev-parse --symbolic-full-name master@{u}
fatal: No upstream configured for branch 'master'
> git for-each-ref --format %(refname) %(objectname) --sort -committerdate
> git remote --verbose
> git status -z -u
> git symbolic-ref --short HEAD
> git rev-parse master
> git rev-parse --symbolic-full-name master@{u}
fatal: No upstream configured for branch 'master'
> git for-each-ref --format %(refname) %(objectname) --sort -committerdate
> git remote --verbose
> git show :ng6/src/app/login/login.component.html
> git show :ng6/src/app/service/dataservice.service.ts
> git show :ng6/src/app/login/login.component.ts
> git show :application/controllers/Manage_Accounts.php
> git show :ng6/src/app/login/login.component.ts
> git show :application/controllers/Manage_Accounts.php
> git show :ng6/src/app/service/dataservice.service.ts
> git status -z -u
> git symbolic-ref --short HEAD
> git rev-parse master
> git rev-parse --symbolic-full-name master@{u}
fatal: No upstream configured for branch 'master'
> git for-each-ref --format %(refname) %(objectname) --sort -committerdate
> git remote --verbose
> git show :application/controllers/Manage_Accounts.php
> git status -z -u
> git symbolic-ref --short HEAD
> git rev-parse master
> git rev-parse --symbolic-full-name master@{u}
fatal: No upstream configured for branch 'master'
> git for-each-ref --format %(refname) %(objectname) --sort -committerdate
> git remote --verbose
> git status -z -u
> git symbolic-ref --short HEAD
> git rev-parse master
> git rev-parse --symbolic-full-name master@{u}
fatal: No upstream configured for branch 'master'
> git for-each-ref --format %(refname) %(objectname) --sort -committerdate
> git remote --verbose
> git status -z -u
> git symbolic-ref --short HEAD
> git rev-parse master
> git rev-parse --symbolic-full-name master@{u}
fatal: No upstream configured for branch 'master'
> git for-each-ref --format %(refname) %(objectname) --sort -committerdate
> git remote --verbose
> git status -z -u
> git symbolic-ref --short HEAD
> git rev-parse master
> git rev-parse --symbolic-full-name master@{u}
fatal: No upstream configured for branch 'master'
> git for-each-ref --format %(refname) %(objectname) --sort -committerdate
> git remote --verbose
> git status -z -u
> git symbolic-ref --short HEAD
> git rev-parse master
> git rev-parse --symbolic-full-name master@{u}
fatal: No upstream configured for branch 'master'
> git for-each-ref --format %(refname) %(objectname) --sort -committerdate
> git remote --verbose
> git status -z -u
> git symbolic-ref --short HEAD
> git rev-parse master
> git rev-parse --symbolic-full-name master@{u}
fatal: No upstream configured for branch 'master'
> git for-each-ref --format %(refname) %(objectname) --sort -committerdate
> git remote --verbose
> git status -z -u
> git symbolic-ref --short HEAD
> git rev-parse master
> git rev-parse --symbolic-full-name master@{u}
fatal: No upstream configured for branch 'master'
> git for-each-ref --format %(refname) %(objectname) --sort -committerdate
> git remote --verbose
> git status -z -u
> git symbolic-ref --short HEAD
> git rev-parse master
> git rev-parse --symbolic-full-name master@{u}
fatal: No upstream configured for branch 'master'
> git for-each-ref --format %(refname) %(objectname) --sort -committerdate
> git remote --verbose
> git show :ng6/src/app/login/login.component.html
> git status -z -u
> git symbolic-ref --short HEAD
> git rev-parse master
> git rev-parse --symbolic-full-name master@{u}
fatal: No upstream configured for branch 'master'
> git for-each-ref --format %(refname) %(objectname) --sort -committerdate
> git remote --verbose
> git show :ng6/src/app/login/login.component.spec.ts
> git show :application/controllers/Manage_Accounts.php
> git show :ng6/src/app/login/login.component.html
> git show :application/controllers/Manage_Accounts.php
> git show :ng6/src/app/registration/registration.component.ts
> git status -z -u
> git symbolic-ref --short HEAD
> git rev-parse master
> git rev-parse --symbolic-full-name master@{u}
fatal: No upstream configured for branch 'master'
> git for-each-ref --format %(refname) %(objectname) --sort -committerdate
> git remote --verbose
> git show :ng6/src/app/registration/registration.component.css
> git show :ng6/src/app/registration/registration.component.html
> git show :ng6/src/app/registration/registration.component.ts
> git status -z -u
> git symbolic-ref --short HEAD
> git rev-parse master
> git rev-parse --symbolic-full-name master@{u}
fatal: No upstream configured for branch 'master'
> git for-each-ref --format %(refname) %(objectname) --sort -committerdate
> git remote --verbose
> git status -z -u
> git symbolic-ref --short HEAD
> git rev-parse master
> git rev-parse --symbolic-full-name master@{u}
fatal: No upstream configured for branch 'master'
> git for-each-ref --format %(refname) %(objectname) --sort -committerdate
> git remote --verbose
> git show :ng6/src/app/service/dataservice.service.ts
> git show :ng6/src/app/registration/registration.component.ts
> git status -z -u
> git symbolic-ref --short HEAD
> git rev-parse master
> git rev-parse --symbolic-full-name master@{u}
fatal: No upstream configured for branch 'master'
> git for-each-ref --format %(refname) %(objectname) --sort -committerdate
> git remote --verbose
> git status -z -u
> git symbolic-ref --short HEAD
> git rev-parse master
> git rev-parse --symbolic-full-name master@{u}
fatal: No upstream configured for branch 'master'
> git for-each-ref --format %(refname) %(objectname) --sort -committerdate
> git remote --verbose
> git status -z -u
> git symbolic-ref --short HEAD
> git rev-parse master
> git rev-parse --symbolic-full-name master@{u}
fatal: No upstream configured for branch 'master'
> git for-each-ref --format %(refname) %(objectname) --sort -committerdate
> git remote --verbose
> git status -z -u
> git symbolic-ref --short HEAD
> git rev-parse master
> git rev-parse --symbolic-full-name master@{u}
fatal: No upstream configured for branch 'master'
> git for-each-ref --format %(refname) %(objectname) --sort -committerdate
> git remote --verbose
