[2018-09-15 13:46:19.040] [renderer1] [info] no standard startup: panel is active
[2018-09-15 13:52:59.381] [renderer1] [info] No grammar found for scope source.smarty
[2018-09-15 13:56:12.217] [renderer1] [info] No grammar found for scope text.html.javadoc
[2018-09-15 17:25:36.294] [renderer1] [error] Cannot read property 'lineNumber' of null: TypeError: Cannot read property 'lineNumber' of null
	at Object.e.to (/usr/share/code/resources/app/out/vs/workbench/node/extensionHostProcess.js:663:450)
	at e.provideHover (/usr/share/code/resources/app/out/vs/workbench/node/extensionHostProcess.js:720:284)
	at /usr/share/code/resources/app/out/vs/workbench/node/extensionHostProcess.js:734:302
	at e._withAdapter (/usr/share/code/resources/app/out/vs/workbench/node/extensionHostProcess.js:731:534)
	at e.$provideHover (/usr/share/code/resources/app/out/vs/workbench/node/extensionHostProcess.js:734:264)
	at e._doInvokeHandler (/usr/share/code/resources/app/out/vs/workbench/node/extensionHostProcess.js:658:87)
	at e._invokeHandler (/usr/share/code/resources/app/out/vs/workbench/node/extensionHostProcess.js:657:779)
	at e._receiveRequest (/usr/share/code/resources/app/out/vs/workbench/node/extensionHostProcess.js:656:851)
	at e._receiveOneMessage (/usr/share/code/resources/app/out/vs/workbench/node/extensionHostProcess.js:656:620)
	at /usr/share/code/resources/app/out/vs/workbench/node/extensionHostProcess.js:655:544
	at /usr/share/code/resources/app/out/vs/workbench/node/extensionHostProcess.js:658:673
	at /usr/share/code/resources/app/out/vs/workbench/node/extensionHostProcess.js:96:599
	at e.fire (/usr/share/code/resources/app/out/vs/workbench/node/extensionHostProcess.js:97:917)
	at u (/usr/share/code/resources/app/out/vs/workbench/node/extensionHostProcess.js:159:721)
	at Socket.<anonymous> (/usr/share/code/resources/app/out/vs/workbench/node/extensionHostProcess.js:159:898)
	at emitOne (events.js:96:13)
	at Socket.emit (events.js:191:7)
	at readableAddChunk (_stream_readable.js:178:18)
	at Socket.Readable.push (_stream_readable.js:136:10)
	at Pipe.onread (net.js:560:20)
[2018-09-15 17:31:27.748] [renderer1] [error] Cannot read property 'lineNumber' of null: TypeError: Cannot read property 'lineNumber' of null
	at Object.e.to (/usr/share/code/resources/app/out/vs/workbench/node/extensionHostProcess.js:663:450)
	at e.provideHover (/usr/share/code/resources/app/out/vs/workbench/node/extensionHostProcess.js:720:284)
	at /usr/share/code/resources/app/out/vs/workbench/node/extensionHostProcess.js:734:302
	at e._withAdapter (/usr/share/code/resources/app/out/vs/workbench/node/extensionHostProcess.js:731:534)
	at e.$provideHover (/usr/share/code/resources/app/out/vs/workbench/node/extensionHostProcess.js:734:264)
	at e._doInvokeHandler (/usr/share/code/resources/app/out/vs/workbench/node/extensionHostProcess.js:658:87)
	at e._invokeHandler (/usr/share/code/resources/app/out/vs/workbench/node/extensionHostProcess.js:657:779)
	at e._receiveRequest (/usr/share/code/resources/app/out/vs/workbench/node/extensionHostProcess.js:656:851)
	at e._receiveOneMessage (/usr/share/code/resources/app/out/vs/workbench/node/extensionHostProcess.js:656:620)
	at /usr/share/code/resources/app/out/vs/workbench/node/extensionHostProcess.js:655:544
	at /usr/share/code/resources/app/out/vs/workbench/node/extensionHostProcess.js:658:673
	at /usr/share/code/resources/app/out/vs/workbench/node/extensionHostProcess.js:96:599
	at e.fire (/usr/share/code/resources/app/out/vs/workbench/node/extensionHostProcess.js:97:917)
	at u (/usr/share/code/resources/app/out/vs/workbench/node/extensionHostProcess.js:159:721)
	at Socket.<anonymous> (/usr/share/code/resources/app/out/vs/workbench/node/extensionHostProcess.js:159:898)
	at emitOne (events.js:96:13)
	at Socket.emit (events.js:191:7)
	at readableAddChunk (_stream_readable.js:178:18)
	at Socket.Readable.push (_stream_readable.js:136:10)
	at Pipe.onread (net.js:560:20)
[2018-09-15 17:31:29.173] [renderer1] [error] Cannot read property 'lineNumber' of null: TypeError: Cannot read property 'lineNumber' of null
	at Object.e.to (/usr/share/code/resources/app/out/vs/workbench/node/extensionHostProcess.js:663:450)
	at e.provideHover (/usr/share/code/resources/app/out/vs/workbench/node/extensionHostProcess.js:720:284)
	at /usr/share/code/resources/app/out/vs/workbench/node/extensionHostProcess.js:734:302
	at e._withAdapter (/usr/share/code/resources/app/out/vs/workbench/node/extensionHostProcess.js:731:534)
	at e.$provideHover (/usr/share/code/resources/app/out/vs/workbench/node/extensionHostProcess.js:734:264)
	at e._doInvokeHandler (/usr/share/code/resources/app/out/vs/workbench/node/extensionHostProcess.js:658:87)
	at e._invokeHandler (/usr/share/code/resources/app/out/vs/workbench/node/extensionHostProcess.js:657:779)
	at e._receiveRequest (/usr/share/code/resources/app/out/vs/workbench/node/extensionHostProcess.js:656:851)
	at e._receiveOneMessage (/usr/share/code/resources/app/out/vs/workbench/node/extensionHostProcess.js:656:620)
	at /usr/share/code/resources/app/out/vs/workbench/node/extensionHostProcess.js:655:544
	at /usr/share/code/resources/app/out/vs/workbench/node/extensionHostProcess.js:658:673
	at /usr/share/code/resources/app/out/vs/workbench/node/extensionHostProcess.js:96:599
	at e.fire (/usr/share/code/resources/app/out/vs/workbench/node/extensionHostProcess.js:97:917)
	at u (/usr/share/code/resources/app/out/vs/workbench/node/extensionHostProcess.js:159:721)
	at Socket.<anonymous> (/usr/share/code/resources/app/out/vs/workbench/node/extensionHostProcess.js:159:898)
	at emitOne (events.js:96:13)
	at Socket.emit (events.js:191:7)
	at readableAddChunk (_stream_readable.js:178:18)
	at Socket.Readable.push (_stream_readable.js:136:10)
	at Pipe.onread (net.js:560:20)
[2018-09-15 17:31:32.676] [renderer1] [error] Cannot read property 'lineNumber' of null: TypeError: Cannot read property 'lineNumber' of null
	at Object.e.to (/usr/share/code/resources/app/out/vs/workbench/node/extensionHostProcess.js:663:450)
	at e.provideHover (/usr/share/code/resources/app/out/vs/workbench/node/extensionHostProcess.js:720:284)
	at /usr/share/code/resources/app/out/vs/workbench/node/extensionHostProcess.js:734:302
	at e._withAdapter (/usr/share/code/resources/app/out/vs/workbench/node/extensionHostProcess.js:731:534)
	at e.$provideHover (/usr/share/code/resources/app/out/vs/workbench/node/extensionHostProcess.js:734:264)
	at e._doInvokeHandler (/usr/share/code/resources/app/out/vs/workbench/node/extensionHostProcess.js:658:87)
	at e._invokeHandler (/usr/share/code/resources/app/out/vs/workbench/node/extensionHostProcess.js:657:779)
	at e._receiveRequest (/usr/share/code/resources/app/out/vs/workbench/node/extensionHostProcess.js:656:851)
	at e._receiveOneMessage (/usr/share/code/resources/app/out/vs/workbench/node/extensionHostProcess.js:656:620)
	at /usr/share/code/resources/app/out/vs/workbench/node/extensionHostProcess.js:655:544
	at /usr/share/code/resources/app/out/vs/workbench/node/extensionHostProcess.js:658:673
	at /usr/share/code/resources/app/out/vs/workbench/node/extensionHostProcess.js:96:599
	at e.fire (/usr/share/code/resources/app/out/vs/workbench/node/extensionHostProcess.js:97:917)
	at u (/usr/share/code/resources/app/out/vs/workbench/node/extensionHostProcess.js:159:721)
	at Socket.<anonymous> (/usr/share/code/resources/app/out/vs/workbench/node/extensionHostProcess.js:159:898)
	at emitOne (events.js:96:13)
	at Socket.emit (events.js:191:7)
	at readableAddChunk (_stream_readable.js:178:18)
	at Socket.Readable.push (_stream_readable.js:136:10)
	at Pipe.onread (net.js:560:20)
[2018-09-15 17:31:34.994] [renderer1] [error] Cannot read property 'lineNumber' of null: TypeError: Cannot read property 'lineNumber' of null
	at Object.e.to (/usr/share/code/resources/app/out/vs/workbench/node/extensionHostProcess.js:663:450)
	at e.provideHover (/usr/share/code/resources/app/out/vs/workbench/node/extensionHostProcess.js:720:284)
	at /usr/share/code/resources/app/out/vs/workbench/node/extensionHostProcess.js:734:302
	at e._withAdapter (/usr/share/code/resources/app/out/vs/workbench/node/extensionHostProcess.js:731:534)
	at e.$provideHover (/usr/share/code/resources/app/out/vs/workbench/node/extensionHostProcess.js:734:264)
	at e._doInvokeHandler (/usr/share/code/resources/app/out/vs/workbench/node/extensionHostProcess.js:658:87)
	at e._invokeHandler (/usr/share/code/resources/app/out/vs/workbench/node/extensionHostProcess.js:657:779)
	at e._receiveRequest (/usr/share/code/resources/app/out/vs/workbench/node/extensionHostProcess.js:656:851)
	at e._receiveOneMessage (/usr/share/code/resources/app/out/vs/workbench/node/extensionHostProcess.js:656:620)
	at /usr/share/code/resources/app/out/vs/workbench/node/extensionHostProcess.js:655:544
	at /usr/share/code/resources/app/out/vs/workbench/node/extensionHostProcess.js:658:673
	at /usr/share/code/resources/app/out/vs/workbench/node/extensionHostProcess.js:96:599
	at e.fire (/usr/share/code/resources/app/out/vs/workbench/node/extensionHostProcess.js:97:917)
	at u (/usr/share/code/resources/app/out/vs/workbench/node/extensionHostProcess.js:159:721)
	at Socket.<anonymous> (/usr/share/code/resources/app/out/vs/workbench/node/extensionHostProcess.js:159:898)
	at emitOne (events.js:96:13)
	at Socket.emit (events.js:191:7)
	at readableAddChunk (_stream_readable.js:178:18)
	at Socket.Readable.push (_stream_readable.js:136:10)
	at Pipe.onread (net.js:560:20)
[2018-09-15 17:31:53.518] [renderer1] [error] Cannot read property 'lineNumber' of null: TypeError: Cannot read property 'lineNumber' of null
	at Object.e.to (/usr/share/code/resources/app/out/vs/workbench/node/extensionHostProcess.js:663:450)
	at e.provideHover (/usr/share/code/resources/app/out/vs/workbench/node/extensionHostProcess.js:720:284)
	at /usr/share/code/resources/app/out/vs/workbench/node/extensionHostProcess.js:734:302
	at e._withAdapter (/usr/share/code/resources/app/out/vs/workbench/node/extensionHostProcess.js:731:534)
	at e.$provideHover (/usr/share/code/resources/app/out/vs/workbench/node/extensionHostProcess.js:734:264)
	at e._doInvokeHandler (/usr/share/code/resources/app/out/vs/workbench/node/extensionHostProcess.js:658:87)
	at e._invokeHandler (/usr/share/code/resources/app/out/vs/workbench/node/extensionHostProcess.js:657:779)
	at e._receiveRequest (/usr/share/code/resources/app/out/vs/workbench/node/extensionHostProcess.js:656:851)
	at e._receiveOneMessage (/usr/share/code/resources/app/out/vs/workbench/node/extensionHostProcess.js:656:620)
	at /usr/share/code/resources/app/out/vs/workbench/node/extensionHostProcess.js:655:544
	at /usr/share/code/resources/app/out/vs/workbench/node/extensionHostProcess.js:658:673
	at /usr/share/code/resources/app/out/vs/workbench/node/extensionHostProcess.js:96:599
	at e.fire (/usr/share/code/resources/app/out/vs/workbench/node/extensionHostProcess.js:97:917)
	at u (/usr/share/code/resources/app/out/vs/workbench/node/extensionHostProcess.js:159:721)
	at Socket.<anonymous> (/usr/share/code/resources/app/out/vs/workbench/node/extensionHostProcess.js:159:898)
	at emitOne (events.js:96:13)
	at Socket.emit (events.js:191:7)
	at readableAddChunk (_stream_readable.js:178:18)
	at Socket.Readable.push (_stream_readable.js:136:10)
	at Pipe.onread (net.js:560:20)
[2018-09-15 17:31:55.386] [renderer1] [error] Cannot read property 'lineNumber' of null: TypeError: Cannot read property 'lineNumber' of null
	at Object.e.to (/usr/share/code/resources/app/out/vs/workbench/node/extensionHostProcess.js:663:450)
	at e.provideHover (/usr/share/code/resources/app/out/vs/workbench/node/extensionHostProcess.js:720:284)
	at /usr/share/code/resources/app/out/vs/workbench/node/extensionHostProcess.js:734:302
	at e._withAdapter (/usr/share/code/resources/app/out/vs/workbench/node/extensionHostProcess.js:731:534)
	at e.$provideHover (/usr/share/code/resources/app/out/vs/workbench/node/extensionHostProcess.js:734:264)
	at e._doInvokeHandler (/usr/share/code/resources/app/out/vs/workbench/node/extensionHostProcess.js:658:87)
	at e._invokeHandler (/usr/share/code/resources/app/out/vs/workbench/node/extensionHostProcess.js:657:779)
	at e._receiveRequest (/usr/share/code/resources/app/out/vs/workbench/node/extensionHostProcess.js:656:851)
	at e._receiveOneMessage (/usr/share/code/resources/app/out/vs/workbench/node/extensionHostProcess.js:656:620)
	at /usr/share/code/resources/app/out/vs/workbench/node/extensionHostProcess.js:655:544
	at /usr/share/code/resources/app/out/vs/workbench/node/extensionHostProcess.js:658:673
	at /usr/share/code/resources/app/out/vs/workbench/node/extensionHostProcess.js:96:599
	at e.fire (/usr/share/code/resources/app/out/vs/workbench/node/extensionHostProcess.js:97:917)
	at u (/usr/share/code/resources/app/out/vs/workbench/node/extensionHostProcess.js:159:721)
	at Socket.<anonymous> (/usr/share/code/resources/app/out/vs/workbench/node/extensionHostProcess.js:159:898)
	at emitOne (events.js:96:13)
	at Socket.emit (events.js:191:7)
	at readableAddChunk (_stream_readable.js:178:18)
	at Socket.Readable.push (_stream_readable.js:136:10)
	at Pipe.onread (net.js:560:20)
[2018-09-15 17:31:58.727] [renderer1] [error] Cannot read property 'lineNumber' of null: TypeError: Cannot read property 'lineNumber' of null
	at Object.e.to (/usr/share/code/resources/app/out/vs/workbench/node/extensionHostProcess.js:663:450)
	at e.provideHover (/usr/share/code/resources/app/out/vs/workbench/node/extensionHostProcess.js:720:284)
	at /usr/share/code/resources/app/out/vs/workbench/node/extensionHostProcess.js:734:302
	at e._withAdapter (/usr/share/code/resources/app/out/vs/workbench/node/extensionHostProcess.js:731:534)
	at e.$provideHover (/usr/share/code/resources/app/out/vs/workbench/node/extensionHostProcess.js:734:264)
	at e._doInvokeHandler (/usr/share/code/resources/app/out/vs/workbench/node/extensionHostProcess.js:658:87)
	at e._invokeHandler (/usr/share/code/resources/app/out/vs/workbench/node/extensionHostProcess.js:657:779)
	at e._receiveRequest (/usr/share/code/resources/app/out/vs/workbench/node/extensionHostProcess.js:656:851)
	at e._receiveOneMessage (/usr/share/code/resources/app/out/vs/workbench/node/extensionHostProcess.js:656:620)
	at /usr/share/code/resources/app/out/vs/workbench/node/extensionHostProcess.js:655:544
	at /usr/share/code/resources/app/out/vs/workbench/node/extensionHostProcess.js:658:673
	at /usr/share/code/resources/app/out/vs/workbench/node/extensionHostProcess.js:96:599
	at e.fire (/usr/share/code/resources/app/out/vs/workbench/node/extensionHostProcess.js:97:917)
	at u (/usr/share/code/resources/app/out/vs/workbench/node/extensionHostProcess.js:159:721)
	at Socket.<anonymous> (/usr/share/code/resources/app/out/vs/workbench/node/extensionHostProcess.js:159:898)
	at emitOne (events.js:96:13)
	at Socket.emit (events.js:191:7)
	at readableAddChunk (_stream_readable.js:178:18)
	at Socket.Readable.push (_stream_readable.js:136:10)
	at Pipe.onread (net.js:560:20)
[2018-09-15 17:32:01.218] [renderer1] [error] Cannot read property 'lineNumber' of null: TypeError: Cannot read property 'lineNumber' of null
	at Object.e.to (/usr/share/code/resources/app/out/vs/workbench/node/extensionHostProcess.js:663:450)
	at e.provideHover (/usr/share/code/resources/app/out/vs/workbench/node/extensionHostProcess.js:720:284)
	at /usr/share/code/resources/app/out/vs/workbench/node/extensionHostProcess.js:734:302
	at e._withAdapter (/usr/share/code/resources/app/out/vs/workbench/node/extensionHostProcess.js:731:534)
	at e.$provideHover (/usr/share/code/resources/app/out/vs/workbench/node/extensionHostProcess.js:734:264)
	at e._doInvokeHandler (/usr/share/code/resources/app/out/vs/workbench/node/extensionHostProcess.js:658:87)
	at e._invokeHandler (/usr/share/code/resources/app/out/vs/workbench/node/extensionHostProcess.js:657:779)
	at e._receiveRequest (/usr/share/code/resources/app/out/vs/workbench/node/extensionHostProcess.js:656:851)
	at e._receiveOneMessage (/usr/share/code/resources/app/out/vs/workbench/node/extensionHostProcess.js:656:620)
	at /usr/share/code/resources/app/out/vs/workbench/node/extensionHostProcess.js:655:544
	at /usr/share/code/resources/app/out/vs/workbench/node/extensionHostProcess.js:658:673
	at /usr/share/code/resources/app/out/vs/workbench/node/extensionHostProcess.js:96:599
	at e.fire (/usr/share/code/resources/app/out/vs/workbench/node/extensionHostProcess.js:97:917)
	at u (/usr/share/code/resources/app/out/vs/workbench/node/extensionHostProcess.js:159:721)
	at Socket.<anonymous> (/usr/share/code/resources/app/out/vs/workbench/node/extensionHostProcess.js:159:898)
	at emitOne (events.js:96:13)
	at Socket.emit (events.js:191:7)
	at readableAddChunk (_stream_readable.js:178:18)
	at Socket.Readable.push (_stream_readable.js:136:10)
	at Pipe.onread (net.js:560:20)
[2018-09-15 17:32:05.778] [renderer1] [error] Cannot read property 'lineNumber' of null: TypeError: Cannot read property 'lineNumber' of null
	at Object.e.to (/usr/share/code/resources/app/out/vs/workbench/node/extensionHostProcess.js:663:450)
	at e.provideHover (/usr/share/code/resources/app/out/vs/workbench/node/extensionHostProcess.js:720:284)
	at /usr/share/code/resources/app/out/vs/workbench/node/extensionHostProcess.js:734:302
	at e._withAdapter (/usr/share/code/resources/app/out/vs/workbench/node/extensionHostProcess.js:731:534)
	at e.$provideHover (/usr/share/code/resources/app/out/vs/workbench/node/extensionHostProcess.js:734:264)
	at e._doInvokeHandler (/usr/share/code/resources/app/out/vs/workbench/node/extensionHostProcess.js:658:87)
	at e._invokeHandler (/usr/share/code/resources/app/out/vs/workbench/node/extensionHostProcess.js:657:779)
	at e._receiveRequest (/usr/share/code/resources/app/out/vs/workbench/node/extensionHostProcess.js:656:851)
	at e._receiveOneMessage (/usr/share/code/resources/app/out/vs/workbench/node/extensionHostProcess.js:656:620)
	at /usr/share/code/resources/app/out/vs/workbench/node/extensionHostProcess.js:655:544
	at /usr/share/code/resources/app/out/vs/workbench/node/extensionHostProcess.js:658:673
	at /usr/share/code/resources/app/out/vs/workbench/node/extensionHostProcess.js:96:599
	at e.fire (/usr/share/code/resources/app/out/vs/workbench/node/extensionHostProcess.js:97:917)
	at u (/usr/share/code/resources/app/out/vs/workbench/node/extensionHostProcess.js:159:721)
	at Socket.<anonymous> (/usr/share/code/resources/app/out/vs/workbench/node/extensionHostProcess.js:159:898)
	at emitOne (events.js:96:13)
	at Socket.emit (events.js:191:7)
	at readableAddChunk (_stream_readable.js:178:18)
	at Socket.Readable.push (_stream_readable.js:136:10)
	at Pipe.onread (net.js:560:20)
[2018-09-15 17:34:16.409] [renderer1] [error] Cannot read property 'lineNumber' of null: TypeError: Cannot read property 'lineNumber' of null
	at Object.e.to (/usr/share/code/resources/app/out/vs/workbench/node/extensionHostProcess.js:663:450)
	at e.provideHover (/usr/share/code/resources/app/out/vs/workbench/node/extensionHostProcess.js:720:284)
	at /usr/share/code/resources/app/out/vs/workbench/node/extensionHostProcess.js:734:302
	at e._withAdapter (/usr/share/code/resources/app/out/vs/workbench/node/extensionHostProcess.js:731:534)
	at e.$provideHover (/usr/share/code/resources/app/out/vs/workbench/node/extensionHostProcess.js:734:264)
	at e._doInvokeHandler (/usr/share/code/resources/app/out/vs/workbench/node/extensionHostProcess.js:658:87)
	at e._invokeHandler (/usr/share/code/resources/app/out/vs/workbench/node/extensionHostProcess.js:657:779)
	at e._receiveRequest (/usr/share/code/resources/app/out/vs/workbench/node/extensionHostProcess.js:656:851)
	at e._receiveOneMessage (/usr/share/code/resources/app/out/vs/workbench/node/extensionHostProcess.js:656:620)
	at /usr/share/code/resources/app/out/vs/workbench/node/extensionHostProcess.js:655:544
	at /usr/share/code/resources/app/out/vs/workbench/node/extensionHostProcess.js:658:673
	at /usr/share/code/resources/app/out/vs/workbench/node/extensionHostProcess.js:96:599
	at e.fire (/usr/share/code/resources/app/out/vs/workbench/node/extensionHostProcess.js:97:917)
	at u (/usr/share/code/resources/app/out/vs/workbench/node/extensionHostProcess.js:159:721)
	at Socket.<anonymous> (/usr/share/code/resources/app/out/vs/workbench/node/extensionHostProcess.js:159:898)
	at emitOne (events.js:96:13)
	at Socket.emit (events.js:191:7)
	at readableAddChunk (_stream_readable.js:178:18)
	at Socket.Readable.push (_stream_readable.js:136:10)
	at Pipe.onread (net.js:560:20)
