[2018-09-20 10:01:57.435] [renderer1] [info] no standard startup: panel is active
[2018-09-20 10:21:12.747] [renderer1] [error] cannot open file:///var/www/html/codeigniter/ng6/src/app/FundooNotes. Detail: File is directory: Error: cannot open file:///var/www/html/codeigniter/ng6/src/app/FundooNotes. Detail: File is directory
    at file:///usr/share/code/resources/app/out/vs/workbench/workbench.main.js:4281:662
    at Object.v [as _notify] (file:///usr/share/code/resources/app/out/vs/workbench/workbench.main.js:155:302)
    at Object.enter (file:///usr/share/code/resources/app/out/vs/workbench/workbench.main.js:158:568)
    at n.Class.derive._creator._run (file:///usr/share/code/resources/app/out/vs/workbench/workbench.main.js:159:902)
    at n.Class.derive._creator._chainedError (file:///usr/share/code/resources/app/out/vs/workbench/workbench.main.js:159:261)
    at n (file:///usr/share/code/resources/app/out/vs/workbench/workbench.main.js:157:40)
    at n.Class.define.cancel.then (file:///usr/share/code/resources/app/out/vs/workbench/workbench.main.js:160:736)
    at Object.enter (file:///usr/share/code/resources/app/out/vs/workbench/workbench.main.js:157:109)
    at n.Class.derive._creator._run (file:///usr/share/code/resources/app/out/vs/workbench/workbench.main.js:159:902)
    at n.Class.derive._creator._setCompleteValue (file:///usr/share/code/resources/app/out/vs/workbench/workbench.main.js:159:596)
    at Object.v [as _notify] (file:///usr/share/code/resources/app/out/vs/workbench/workbench.main.js:155:284)
    at Object.enter (file:///usr/share/code/resources/app/out/vs/workbench/workbench.main.js:158:568)
    at n.Class.derive._creator._run (file:///usr/share/code/resources/app/out/vs/workbench/workbench.main.js:159:902)
    at n.Class.derive._creator._chainedError (file:///usr/share/code/resources/app/out/vs/workbench/workbench.main.js:159:261)
    at n (file:///usr/share/code/resources/app/out/vs/workbench/workbench.main.js:157:40)
    at n.Class.define.cancel.then (file:///usr/share/code/resources/app/out/vs/workbench/workbench.main.js:160:736)
    at Object.enter (file:///usr/share/code/resources/app/out/vs/workbench/workbench.main.js:157:109)
    at n.Class.derive._creator._run (file:///usr/share/code/resources/app/out/vs/workbench/workbench.main.js:159:902)
    at n.Class.derive._creator._setCompleteValue (file:///usr/share/code/resources/app/out/vs/workbench/workbench.main.js:159:596)
    at Object.v [as _notify] (file:///usr/share/code/resources/app/out/vs/workbench/workbench.main.js:155:284)
    at Object.enter (file:///usr/share/code/resources/app/out/vs/workbench/workbench.main.js:158:568)
    at n.Class.derive._creator._run (file:///usr/share/code/resources/app/out/vs/workbench/workbench.main.js:159:902)
    at n.Class.derive._creator._chainedError (file:///usr/share/code/resources/app/out/vs/workbench/workbench.main.js:159:261)
    at n (file:///usr/share/code/resources/app/out/vs/workbench/workbench.main.js:157:40)
    at n.Class.define.cancel.then (file:///usr/share/code/resources/app/out/vs/workbench/workbench.main.js:160:736)
    at Object.enter (file:///usr/share/code/resources/app/out/vs/workbench/workbench.main.js:157:109)
    at n.Class.derive._creator._run (file:///usr/share/code/resources/app/out/vs/workbench/workbench.main.js:159:902)
    at n.Class.derive._creator._setCompleteValue (file:///usr/share/code/resources/app/out/vs/workbench/workbench.main.js:159:596)
    at Object.v [as _notify] (file:///usr/share/code/resources/app/out/vs/workbench/workbench.main.js:155:284)
    at Object.enter (file:///usr/share/code/resources/app/out/vs/workbench/workbench.main.js:158:568)
    at n.Class.derive._creator._run (file:///usr/share/code/resources/app/out/vs/workbench/workbench.main.js:159:902)
    at n.Class.derive._creator._chainedError (file:///usr/share/code/resources/app/out/vs/workbench/workbench.main.js:159:261)
    at n (file:///usr/share/code/resources/app/out/vs/workbench/workbench.main.js:157:40)
    at n.Class.define.cancel.then (file:///usr/share/code/resources/app/out/vs/workbench/workbench.main.js:160:736)
    at Object.enter (file:///usr/share/code/resources/app/out/vs/workbench/workbench.main.js:157:109)
    at n.Class.derive._creator._run (file:///usr/share/code/resources/app/out/vs/workbench/workbench.main.js:159:902)
    at n.Class.derive._creator._setCompleteValue (file:///usr/share/code/resources/app/out/vs/workbench/workbench.main.js:159:596)
    at Object.v [as _notify] (file:///usr/share/code/resources/app/out/vs/workbench/workbench.main.js:155:284)
    at Object.enter (file:///usr/share/code/resources/app/out/vs/workbench/workbench.main.js:158:568)
    at n.Class.derive._creator._run (file:///usr/share/code/resources/app/out/vs/workbench/workbench.main.js:159:902)
    at n.Class.derive._creator._chainedError (file:///usr/share/code/resources/app/out/vs/workbench/workbench.main.js:159:261)
    at n (file:///usr/share/code/resources/app/out/vs/workbench/workbench.main.js:157:40)
    at n.Class.define.cancel.then (file:///usr/share/code/resources/app/out/vs/workbench/workbench.main.js:160:736)
    at Object.enter (file:///usr/share/code/resources/app/out/vs/workbench/workbench.main.js:157:109)
    at n.Class.derive._creator._run (file:///usr/share/code/resources/app/out/vs/workbench/workbench.main.js:159:902)
    at n.Class.derive._creator._setCompleteValue (file:///usr/share/code/resources/app/out/vs/workbench/workbench.main.js:159:596)
    at Object.v [as _notify] (file:///usr/share/code/resources/app/out/vs/workbench/workbench.main.js:155:284)
    at Object.enter (file:///usr/share/code/resources/app/out/vs/workbench/workbench.main.js:158:568)
    at n.Class.derive._oncancel._run (file:///usr/share/code/resources/app/out/vs/workbench/workbench.main.js:159:902)
    at n.Class.derive._oncancel._error (file:///usr/share/code/resources/app/out/vs/workbench/workbench.main.js:159:419)
    at l (file:///usr/share/code/resources/app/out/vs/workbench/workbench.main.js:162:962)
    at file:///usr/share/code/resources/app/out/vs/workbench/workbench.main.js:163:70
    at Object.v [as _notify] (file:///usr/share/code/resources/app/out/vs/workbench/workbench.main.js:155:302)
    at Object.enter (file:///usr/share/code/resources/app/out/vs/workbench/workbench.main.js:158:568)
    at n.Class.derive._creator._run (file:///usr/share/code/resources/app/out/vs/workbench/workbench.main.js:159:902)
    at n.Class.derive._creator._chainedError (file:///usr/share/code/resources/app/out/vs/workbench/workbench.main.js:159:261)
    at n (file:///usr/share/code/resources/app/out/vs/workbench/workbench.main.js:157:40)
    at n.Class.define.cancel.then (file:///usr/share/code/resources/app/out/vs/workbench/workbench.main.js:160:736)
    at Object.enter (file:///usr/share/code/resources/app/out/vs/workbench/workbench.main.js:157:109)
    at n.Class.derive._creator._run (file:///usr/share/code/resources/app/out/vs/workbench/workbench.main.js:159:902)
    at n.Class.derive._creator._setCompleteValue (file:///usr/share/code/resources/app/out/vs/workbench/workbench.main.js:159:596)
    at Object.g [as _notify] (file:///usr/share/code/resources/app/out/vs/workbench/workbench.main.js:154:709)
    at Object.enter (file:///usr/share/code/resources/app/out/vs/workbench/workbench.main.js:158:61)
    at n.Class.derive._creator._run (file:///usr/share/code/resources/app/out/vs/workbench/workbench.main.js:159:902)
    at n.Class.derive._creator._completed (file:///usr/share/code/resources/app/out/vs/workbench/workbench.main.js:159:343)
    at Object.g [as _notify] (file:///usr/share/code/resources/app/out/vs/workbench/workbench.main.js:154:729)
    at Object.enter (file:///usr/share/code/resources/app/out/vs/workbench/workbench.main.js:158:61)
    at n.Class.derive._oncancel._run (file:///usr/share/code/resources/app/out/vs/workbench/workbench.main.js:159:902)
    at n.Class.derive._oncancel._completed (file:///usr/share/code/resources/app/out/vs/workbench/workbench.main.js:159:343)
    at file:///usr/share/code/resources/app/out/vs/workbench/workbench.main.js:3298:740
    at file:///usr/share/code/resources/app/out/vs/workbench/workbench.main.js:3299:634
    at file:///usr/share/code/resources/app/out/vs/workbench/workbench.main.js:278:461
    at Function.<anonymous> (file:///usr/share/code/resources/app/out/vs/workbench/workbench.main.js:3299:392)
    at file:///usr/share/code/resources/app/out/vs/workbench/workbench.main.js:278:68
    at s (file:///usr/share/code/resources/app/out/vs/workbench/workbench.main.js:277:615)
    at file:///usr/share/code/resources/app/out/vs/workbench/workbench.main.js:277:719
    at _combinedTickCallback (internal/process/next_tick.js:131:7)
    at process._tickCallback (internal/process/next_tick.js:180:9)
