[2018-07-26 17:35:11.085] [exthost1] [info] extension host started
[2018-07-26 17:35:11.108] [exthost1] [info] ExtensionService#_doActivateExtension vscode.emmet {"startup":true,"activationEvent":"*"}
[2018-07-26 17:35:11.108] [exthost1] [info] ExtensionService#loadCommonJSModule /usr/share/code/resources/app/extensions/emmet/out/extension
[2018-07-26 17:35:11.162] [exthost1] [info] ExtensionService#_doActivateExtension vscode.git {"startup":true,"activationEvent":"*"}
[2018-07-26 17:35:11.162] [exthost1] [info] ExtensionService#loadCommonJSModule /usr/share/code/resources/app/extensions/git/out/main
[2018-07-26 17:35:11.301] [exthost1] [info] ExtensionService#_doActivateExtension vscode.merge-conflict {"startup":true,"activationEvent":"*"}
[2018-07-26 17:35:11.301] [exthost1] [info] ExtensionService#loadCommonJSModule /usr/share/code/resources/app/extensions/merge-conflict/out/extension
[2018-07-26 17:35:11.311] [exthost1] [info] ExtensionService#_doActivateExtension vscode.search-rg {"startup":true,"activationEvent":"*"}
[2018-07-26 17:35:11.311] [exthost1] [info] ExtensionService#loadCommonJSModule /usr/share/code/resources/app/extensions/search-rg/out/extension
[2018-07-26 17:35:11.316] [exthost1] [info] eager extensions activated
[2018-07-26 17:36:02.975] [exthost1] [info] extension host started
[2018-07-26 17:36:03.007] [exthost1] [info] ExtensionService#_doActivateExtension vscode.emmet {"startup":true,"activationEvent":"*"}
[2018-07-26 17:36:03.007] [exthost1] [info] ExtensionService#loadCommonJSModule /usr/share/code/resources/app/extensions/emmet/out/extension
[2018-07-26 17:36:03.067] [exthost1] [info] ExtensionService#_doActivateExtension vscode.git {"startup":true,"activationEvent":"*"}
[2018-07-26 17:36:03.067] [exthost1] [info] ExtensionService#loadCommonJSModule /usr/share/code/resources/app/extensions/git/out/main
[2018-07-26 17:36:03.210] [exthost1] [info] ExtensionService#_doActivateExtension vscode.merge-conflict {"startup":true,"activationEvent":"*"}
[2018-07-26 17:36:03.210] [exthost1] [info] ExtensionService#loadCommonJSModule /usr/share/code/resources/app/extensions/merge-conflict/out/extension
[2018-07-26 17:36:03.220] [exthost1] [info] ExtensionService#_doActivateExtension vscode.search-rg {"startup":true,"activationEvent":"*"}
[2018-07-26 17:36:03.220] [exthost1] [info] ExtensionService#loadCommonJSModule /usr/share/code/resources/app/extensions/search-rg/out/extension
[2018-07-26 17:36:03.225] [exthost1] [info] eager extensions activated
[2018-07-26 17:36:06.548] [exthost1] [info] ExtensionService#_doActivateExtension vscode.php-language-features {"startup":false,"activationEvent":"onLanguage:php"}
[2018-07-26 17:36:06.548] [exthost1] [info] ExtensionService#loadCommonJSModule /usr/share/code/resources/app/extensions/php-language-features/out/phpMain
[2018-07-26 17:36:06.571] [exthost1] [info] ExtensionService#_doActivateExtension kokororin.vscode-phpfmt {"startup":false,"activationEvent":"onLanguage:php"}
[2018-07-26 17:36:06.571] [exthost1] [info] ExtensionService#loadCommonJSModule /home/bridgelabz/.vscode/extensions/kokororin.vscode-phpfmt-1.0.30/out/src/extension
