[2018-07-26 17:35:12.041] [sharedprocess] [info] main {"machineId":"88331559c6f73721404d52c5f3828bf6f19dabf0893032f51e1fa1745072a16e"}
[2018-07-26 17:35:12.239] [sharedprocess] [info] Scanned user extensions: 2
[2018-07-26 17:35:12.246] [sharedprocess] [info] Scanned system extensions: 70
[2018-07-26 17:35:12.289] [sharedprocess] [info] Scanned system extensions: 70
[2018-07-26 17:35:12.289] [sharedprocess] [info] Scanned system extensions: 70
[2018-07-26 17:35:12.434] [sharedprocess] [info] Scanned user extensions: 2
[2018-07-26 17:35:12.453] [sharedprocess] [info] Deleted from disk felixfbecker.php-intellisense-2.3.3
[2018-07-26 17:35:12.523] [sharedprocess] [info] Scanned user extensions: 2
[2018-07-26 17:35:12.595] [sharedprocess] [info] Scanned user extensions: 2
[2018-07-26 17:35:13.437] [sharedprocess] [info] Scanned user extensions: 2
[2018-07-26 17:35:52.047] [sharedprocess] [info] Starting to clean up unused language packs.
[2018-07-26 17:36:02.680] [sharedprocess] [info] Scanned user extensions: 2
[2018-07-26 17:36:02.680] [sharedprocess] [info] Scanned user extensions: 2
[2018-07-26 17:36:02.684] [sharedprocess] [info] Scanned user extensions: 2
[2018-07-26 17:36:02.808] [sharedprocess] [info] Scanned system extensions: 70
[2018-07-26 17:36:02.809] [sharedprocess] [info] Scanned system extensions: 70
[2018-07-26 17:36:05.452] [sharedprocess] [info] Scanned user extensions: 2
[2018-07-26 17:41:05.486] [sharedprocess] [info] Scanned user extensions: 2
[2018-07-26 17:46:05.497] [sharedprocess] [info] Scanned user extensions: 2
[2018-07-26 17:51:05.506] [sharedprocess] [info] Scanned user extensions: 2
[2018-07-26 17:56:05.519] [sharedprocess] [info] Scanned user extensions: 2
[2018-07-26 18:01:05.528] [sharedprocess] [info] Scanned user extensions: 2
[2018-07-26 18:06:05.542] [sharedprocess] [info] Scanned user extensions: 2
[2018-07-26 18:11:05.553] [sharedprocess] [info] Scanned user extensions: 2
[2018-07-26 18:16:05.564] [sharedprocess] [info] Scanned user extensions: 2
[2018-07-26 18:21:05.578] [sharedprocess] [info] Scanned user extensions: 2
[2018-07-26 18:26:05.589] [sharedprocess] [info] Scanned user extensions: 2
[2018-07-26 18:31:05.598] [sharedprocess] [info] Scanned user extensions: 2
[2018-07-26 18:36:05.634] [sharedprocess] [info] Scanned user extensions: 2
[2018-07-26 18:41:05.645] [sharedprocess] [info] Scanned user extensions: 2
[2018-07-26 18:46:05.655] [sharedprocess] [info] Scanned user extensions: 2
[2018-07-26 18:51:05.666] [sharedprocess] [info] Scanned user extensions: 2
[2018-07-26 18:56:05.671] [sharedprocess] [info] Scanned user extensions: 2
[2018-07-26 19:01:05.681] [sharedprocess] [info] Scanned user extensions: 2
[2018-07-26 19:06:05.690] [sharedprocess] [info] Scanned user extensions: 2
[2018-07-26 19:11:05.700] [sharedprocess] [info] Scanned user extensions: 2
[2018-07-26 19:16:05.720] [sharedprocess] [info] Scanned user extensions: 2
[2018-07-26 19:21:05.730] [sharedprocess] [info] Scanned user extensions: 2
